[01m[K/home/arlen1/Documents/ROS2 Tests/Test1/src/cpp_pubsub/src/publisher_member_function.cpp:[m[K In function â€˜[01m[Kint main(int, char**)[m[Kâ€™:
[01m[K/home/arlen1/Documents/ROS2 Tests/Test1/src/cpp_pubsub/src/publisher_member_function.cpp:85:41:[m[K [01;31m[Kerror: [m[Kâ€˜[01m[KIMREAD_COLOR_RGB[m[Kâ€™ is not a member of â€˜[01m[Kcv[m[Kâ€™; did you mean â€˜[01m[KIMREAD_COLOR[m[Kâ€™?
   85 |   cv::Mat img = cv::imread(argv[1], cv::[01;31m[KIMREAD_COLOR_RGB[m[K);
      |                                         [01;31m[K^~~~~~~~~~~~~~~~[m[K
      |                                         [32m[KIMREAD_COLOR[m[K
gmake[2]: *** [CMakeFiles/talker.dir/build.make:76: CMakeFiles/talker.dir/src/publisher_member_function.cpp.o] Error 1
gmake[1]: *** [CMakeFiles/Makefile2:139: CMakeFiles/talker.dir/all] Error 2
gmake: *** [Makefile:146: all] Error 2
