[0.007s] Invoking command in '/home/arlen1/Documents/ROS2 Tests/Test1/build/cpp_pubsub': CMAKE_PREFIX_PATH=${CMAKE_PREFIX_PATH}:/opt/ros/humble /usr/bin/cmake --build /home/arlen1/Documents/ROS2 Tests/Test1/build/cpp_pubsub -- -j2 -l2
[0.046s] [35m[1mConsolidate compiler generated dependencies of target talker[0m
[0.061s] [ 50%] Built target listener
[0.064s] [ 75%] [32mBuilding CXX object CMakeFiles/talker.dir/src/publisher_member_function.cpp.o[0m
[1.819s] [01m[K/home/arlen1/Documents/ROS2 Tests/Test1/src/cpp_pubsub/src/publisher_member_function.cpp:[m[K In function â€˜[01m[Kint main(int, char**)[m[Kâ€™:
[1.819s] [01m[K/home/arlen1/Documents/ROS2 Tests/Test1/src/cpp_pubsub/src/publisher_member_function.cpp:85:41:[m[K [01;31m[Kerror: [m[Kâ€˜[01m[KIMREAD_COLOR_RGB[m[Kâ€™ is not a member of â€˜[01m[Kcv[m[Kâ€™; did you mean â€˜[01m[KIMREAD_COLOR[m[Kâ€™?
[1.819s]    85 |   cv::Mat img = cv::imread(argv[1], cv::[01;31m[KIMREAD_COLOR_RGB[m[K);
[1.819s]       |                                         [01;31m[K^~~~~~~~~~~~~~~~[m[K
[1.819s]       |                                         [32m[KIMREAD_COLOR[m[K
[2.327s] gmake[2]: *** [CMakeFiles/talker.dir/build.make:76: CMakeFiles/talker.dir/src/publisher_member_function.cpp.o] Error 1
[2.327s] gmake[1]: *** [CMakeFiles/Makefile2:139: CMakeFiles/talker.dir/all] Error 2
[2.327s] gmake: *** [Makefile:146: all] Error 2
[2.329s] Invoked command in '/home/arlen1/Documents/ROS2 Tests/Test1/build/cpp_pubsub' returned '2': CMAKE_PREFIX_PATH=${CMAKE_PREFIX_PATH}:/opt/ros/humble /usr/bin/cmake --build /home/arlen1/Documents/ROS2 Tests/Test1/build/cpp_pubsub -- -j2 -l2
