[35m[1mConsolidate compiler generated dependencies of target talker[0m
[ 75%] Built target listener
[ 75%] [32mBuilding CXX object CMakeFiles/talker.dir/src/publisher_member_function.cpp.o[0m
[01m[K/home/arlen1/Documents/ROS2 Tests/Test1/src/cpp_pubsub/src/publisher_member_function.cpp:[m[K In function â€˜[01m[Kint main(int, char**)[m[Kâ€™:
[01m[K/home/arlen1/Documents/ROS2 Tests/Test1/src/cpp_pubsub/src/publisher_member_function.cpp:84:37:[m[K [01;31m[Kerror: [m[Kâ€˜[01m[KCV_RGB[m[Kâ€™ was not declared in this scope
   84 |   cv::Mat img = cv::imread(argv[1], [01;31m[KCV_RGB[m[K);
      |                                     [01;31m[K^~~~~~[m[K
gmake[2]: *** [CMakeFiles/talker.dir/build.make:76: CMakeFiles/talker.dir/src/publisher_member_function.cpp.o] Error 1
gmake[1]: *** [CMakeFiles/Makefile2:139: CMakeFiles/talker.dir/all] Error 2
gmake: *** [Makefile:146: all] Error 2
