[0.006s] Invoking command in '/home/arlen1/Documents/ROS2 Tests/Test1/build/cpp_pubsub': CMAKE_PREFIX_PATH=${CMAKE_PREFIX_PATH}:/opt/ros/humble /usr/bin/cmake --build /home/arlen1/Documents/ROS2 Tests/Test1/build/cpp_pubsub -- -j2 -l2
[0.020s] -- Found ament_cmake: 1.3.10 (/opt/ros/humble/share/ament_cmake/cmake)
[0.081s] -- Found ament_lint_auto: 0.12.11 (/opt/ros/humble/share/ament_lint_auto/cmake)
[0.081s] -- Found rclcpp: 16.0.10 (/opt/ros/humble/share/rclcpp/cmake)
[0.098s] -- Found rosidl_generator_c: 3.1.5 (/opt/ros/humble/share/rosidl_generator_c/cmake)
[0.100s] -- Found rosidl_adapter: 3.1.5 (/opt/ros/humble/share/rosidl_adapter/cmake)
[0.103s] -- Found rosidl_generator_cpp: 3.1.5 (/opt/ros/humble/share/rosidl_generator_cpp/cmake)
[0.109s] -- Using all available rosidl_typesupport_c: rosidl_typesupport_fastrtps_c;rosidl_typesupport_introspection_c
[0.116s] -- Using all available rosidl_typesupport_cpp: rosidl_typesupport_fastrtps_cpp;rosidl_typesupport_introspection_cpp
[0.137s] -- Found rmw_implementation_cmake: 6.1.2 (/opt/ros/humble/share/rmw_implementation_cmake/cmake)
[0.138s] -- Found rmw_fastrtps_cpp: 6.2.7 (/opt/ros/humble/share/rmw_fastrtps_cpp/cmake)
[0.194s] -- Using RMW implementation 'rmw_fastrtps_cpp' as default
[0.226s] -- Found image_transport: 3.1.9 (/opt/ros/humble/share/image_transport/cmake)
[0.257s] -- Found cv_bridge: 3.2.1 (/opt/ros/humble/share/cv_bridge/cmake)
[0.297s] -- Added test 'cppcheck' to perform static code analysis on C / C++ code
[0.297s] -- Configured cppcheck include dirs: 
[0.297s] -- Configured cppcheck exclude dirs and/or files: 
[0.297s] -- Added test 'lint_cmake' to check CMake code style
[0.298s] -- Added test 'uncrustify' to check C / C++ code style
[0.298s] -- Configured uncrustify additional arguments: 
[0.298s] -- Added test 'xmllint' to check XML markup files
[0.298s] -- Configuring done
[0.306s] -- Generating done
[0.307s] -- Build files have been written to: /home/arlen1/Documents/ROS2 Tests/Test1/build/cpp_pubsub
[0.321s] [35m[1mConsolidate compiler generated dependencies of target listener[0m
[0.321s] [35m[1mConsolidate compiler generated dependencies of target talker[0m
[0.333s] [ 25%] [32mBuilding CXX object CMakeFiles/listener.dir/src/subscriber_member_function.cpp.o[0m
[0.333s] [ 50%] [32mBuilding CXX object CMakeFiles/talker.dir/src/publisher_member_function.cpp.o[0m
[1.954s] [01m[K/home/arlen1/Documents/ROS2 Tests/Test1/src/cpp_pubsub/src/subscriber_member_function.cpp:52:39:[m[K [01;31m[Kerror: [m[Kâ€˜[01m[KImageConstPtr[m[Kâ€™ in namespace â€˜[01m[Ksensor_msgs[m[Kâ€™ does not name a type
[1.954s]    52 | void imageCallback(const sensor_msgs::[01;31m[KImageConstPtr[m[K& msg)
[1.954s]       |                                       [01;31m[K^~~~~~~~~~~~~[m[K
[1.954s] [01m[K/home/arlen1/Documents/ROS2 Tests/Test1/src/cpp_pubsub/src/subscriber_member_function.cpp:[m[K In function â€˜[01m[Kvoid imageCallback(const int&)[m[Kâ€™:
[1.954s] [01m[K/home/arlen1/Documents/ROS2 Tests/Test1/src/cpp_pubsub/src/subscriber_member_function.cpp:56:44:[m[K [01;31m[Kerror: [m[Kno matching function for call to â€˜[01m[KtoCvShare(const int&, const char [5])[m[Kâ€™
[1.954s]    56 |     cv::imshow("view", [01;31m[Kcv_bridge::toCvShare(msg, "bgr8")[m[K->image);
[1.954s]       |                        [01;31m[K~~~~~~~~~~~~~~~~~~~~^~~~~~~~~~~~~[m[K
[1.954s] In file included from [01m[K/home/arlen1/Documents/ROS2 Tests/Test1/src/cpp_pubsub/src/subscriber_member_function.cpp:30[m[K:
[1.954s] [01m[K/opt/ros/humble/include/cv_bridge/cv_bridge/cv_bridge.h:232:34:[m[K [01;36m[Knote: [m[Kcandidate: â€˜[01m[Kcv_bridge::CvImageConstPtr cv_bridge::toCvShare(const ConstSharedPtr&, const string&)[m[Kâ€™
[1.954s]   232 | CV_BRIDGE_EXPORT CvImageConstPtr [01;36m[KtoCvShare[m[K(
[1.954s]       |                                  [01;36m[K^~~~~~~~~[m[K
[1.954s] [01m[K/opt/ros/humble/include/cv_bridge/cv_bridge/cv_bridge.h:233:51:[m[K [01;36m[Knote: [m[K  no known conversion for argument 1 from â€˜[01m[Kconst int[m[Kâ€™ to â€˜[01m[Kconst ConstSharedPtr&[m[Kâ€™ {aka â€˜[01m[Kconst std::shared_ptr<const sensor_msgs::msg::Image_<std::allocator<void> > >&[m[Kâ€™}
[1.955s]   233 |   [01;36m[Kconst sensor_msgs::msg::Image::ConstSharedPtr & source[m[K,
[1.955s]       |   [01;36m[K~~~~~~~~~~~~~~~~~~~~~~~~~~~~~~~~~~~~~~~~~~~~~~~~^~~~~~[m[K
[1.955s] [01m[K/opt/ros/humble/include/cv_bridge/cv_bridge/cv_bridge.h:260:34:[m[K [01;36m[Knote: [m[Kcandidate: â€˜[01m[Kcv_bridge::CvImageConstPtr cv_bridge::toCvShare(const Image&, const std::shared_ptr<const void>&, const string&)[m[Kâ€™
[1.955s]   260 | CV_BRIDGE_EXPORT CvImageConstPtr [01;36m[KtoCvShare[m[K(
[1.955s]       |                                  [01;36m[K^~~~~~~~~[m[K
[1.955s] [01m[K/opt/ros/humble/include/cv_bridge/cv_bridge/cv_bridge.h:154:37:[m[K [01;36m[Knote: [m[K  no known conversion for argument 1 from â€˜[01m[Kconst int[m[Kâ€™ to â€˜[01m[Kconst Image&[m[Kâ€™ {aka â€˜[01m[Kconst sensor_msgs::msg::Image_<std::allocator<void> >&[m[Kâ€™}
[1.955s]   154 |     [01;36m[Kconst sensor_msgs::msg::Image & source[m[K,
[1.955s]       |     [01;36m[K~~~~~~~~~~~~~~~~~~~~~~~~~~~~~~~~^~~~~~[m[K
[1.955s] In file included from [01m[K/opt/ros/humble/include/rclcpp/rclcpp/client.hpp:40[m[K,
[1.955s]                  from [01m[K/opt/ros/humble/include/rclcpp/rclcpp/callback_group.hpp:24[m[K,
[1.955s]                  from [01m[K/opt/ros/humble/include/rclcpp/rclcpp/any_executable.hpp:20[m[K,
[1.955s]                  from [01m[K/opt/ros/humble/include/rclcpp/rclcpp/memory_strategy.hpp:25[m[K,
[1.955s]                  from [01m[K/opt/ros/humble/include/rclcpp/rclcpp/memory_strategies.hpp:18[m[K,
[1.955s]                  from [01m[K/opt/ros/humble/include/rclcpp/rclcpp/executor_options.hpp:20[m[K,
[1.955s]                  from [01m[K/opt/ros/humble/include/rclcpp/rclcpp/executor.hpp:37[m[K,
[1.955s]                  from [01m[K/opt/ros/humble/include/rclcpp/rclcpp/executors/multi_threaded_executor.hpp:25[m[K,
[1.955s]                  from [01m[K/opt/ros/humble/include/rclcpp/rclcpp/executors.hpp:21[m[K,
[1.955s]                  from [01m[K/opt/ros/humble/include/rclcpp/rclcpp/rclcpp.hpp:155[m[K,
[1.955s]                  from [01m[K/home/arlen1/Documents/ROS2 Tests/Test1/src/cpp_pubsub/src/subscriber_member_function.cpp:26[m[K:
[1.955s] [01m[K/home/arlen1/Documents/ROS2 Tests/Test1/src/cpp_pubsub/src/subscriber_member_function.cpp:60:5:[m[K [01;31m[Kerror: [m[Kstatic assertion failed: First argument to logging macros must be an rclcpp::Logger
[1.955s]    60 |     [01;31m[KRCLCPP_ERROR[m[K("Could not convert from '%s' to 'bgr8'.", msg->encoding.c_str());
[1.955s]       |     [01;31m[K^~~~~~~~~~~~[m[K
[1.955s] In file included from [01m[K/opt/ros/humble/include/rclcpp/rclcpp/logging.hpp:24[m[K,
[1.955s]                  from [01m[K/opt/ros/humble/include/rclcpp/rclcpp/client.hpp:40[m[K,
[1.955s]                  from [01m[K/opt/ros/humble/include/rclcpp/rclcpp/callback_group.hpp:24[m[K,
[1.955s]                  from [01m[K/opt/ros/humble/include/rclcpp/rclcpp/any_executable.hpp:20[m[K,
[1.955s]                  from [01m[K/opt/ros/humble/include/rclcpp/rclcpp/memory_strategy.hpp:25[m[K,
[1.955s]                  from [01m[K/opt/ros/humble/include/rclcpp/rclcpp/memory_strategies.hpp:18[m[K,
[1.955s]                  from [01m[K/opt/ros/humble/include/rclcpp/rclcpp/executor_options.hpp:20[m[K,
[1.955s]                  from [01m[K/opt/ros/humble/include/rclcpp/rclcpp/executor.hpp:37[m[K,
[1.955s]                  from [01m[K/opt/ros/humble/include/rclcpp/rclcpp/executors/multi_threaded_executor.hpp:25[m[K,
[1.955s]                  from [01m[K/opt/ros/humble/include/rclcpp/rclcpp/executors.hpp:21[m[K,
[1.955s]                  from [01m[K/opt/ros/humble/include/rclcpp/rclcpp/rclcpp.hpp:155[m[K,
[1.955s]                  from [01m[K/home/arlen1/Documents/ROS2 Tests/Test1/src/cpp_pubsub/src/subscriber_member_function.cpp:26[m[K:
[1.955s] [01m[K/home/arlen1/Documents/ROS2 Tests/Test1/src/cpp_pubsub/src/subscriber_member_function.cpp:60:5:[m[K [01;31m[Kerror: [m[Krequest for member â€˜[01m[Kget_name[m[Kâ€™ in â€˜[01m[K("Could not convert from \'%s\' to \'bgr8\'.")[m[Kâ€™, which is of non-class type â€˜[01m[Kconst char [39][m[Kâ€™
[1.955s]    60 |     [01;31m[KRCLCPP_ERROR[m[K("Could not convert from '%s' to 'bgr8'.", msg->encoding.c_str());
[1.955s]       |     [01;31m[K^~~~~~~~~~~~[m[K
[1.955s] [01m[K/home/arlen1/Documents/ROS2 Tests/Test1/src/cpp_pubsub/src/subscriber_member_function.cpp:60:5:[m[K [01;31m[Kerror: [m[Krequest for member â€˜[01m[Kget_name[m[Kâ€™ in â€˜[01m[K("Could not convert from \'%s\' to \'bgr8\'.")[m[Kâ€™, which is of non-class type â€˜[01m[Kconst char [39][m[Kâ€™
[1.955s]    60 |     [01;31m[KRCLCPP_ERROR[m[K("Could not convert from '%s' to 'bgr8'.", msg->encoding.c_str());
[1.955s]       |     [01;31m[K^~~~~~~~~~~~[m[K
[1.955s] [01m[K/home/arlen1/Documents/ROS2 Tests/Test1/src/cpp_pubsub/src/subscriber_member_function.cpp:60:63:[m[K [01;31m[Kerror: [m[Kbase operand of â€˜[01m[K->[m[Kâ€™ is not a pointer
[1.955s]    60 |     RCLCPP_ERROR("Could not convert from '%s' to 'bgr8'.", msg[01;31m[K->[m[Kencoding.c_str());
[1.955s]       |                                                               [01;31m[K^~[m[K
[1.956s] [01m[K/home/arlen1/Documents/ROS2 Tests/Test1/src/cpp_pubsub/src/subscriber_member_function.cpp:[m[K In function â€˜[01m[Kint main(int, char**)[m[Kâ€™:
[1.956s] [01m[K/home/arlen1/Documents/ROS2 Tests/Test1/src/cpp_pubsub/src/subscriber_member_function.cpp:72:49:[m[K [01;31m[Kerror: [m[Kno matching function for call to â€˜[01m[Kimage_transport::ImageTransport::subscribe(const char [11], int, void (&)(const int&))[m[Kâ€™
[1.956s]    72 |   image_transport::Subscriber sub = [01;31m[Kit.subscribe("imagetopic", 10, imageCallback)[m[K;
[1.956s]       |                                     [01;31m[K~~~~~~~~~~~~^~~~~~~~~~~~~~~~~~~~~~~~~~~~~~~~~[m[K
[1.956s] In file included from [01m[K/home/arlen1/Documents/ROS2 Tests/Test1/src/cpp_pubsub/src/subscriber_member_function.cpp:28[m[K:
[1.956s] [01m[K/opt/ros/humble/include/image_transport/image_transport/image_transport.hpp:188:14:[m[K [01;36m[Knote: [m[Kcandidate: â€˜[01m[Ktemplate<class T> image_transport::Subscriber image_transport::ImageTransport::subscribe(const string&, uint32_t, void (T::*)(const ImageConstPtr&), T*, const image_transport::TransportHints*)[m[Kâ€™
[1.956s]   188 |   Subscriber [01;36m[Ksubscribe[m[K(
[1.956s]       |              [01;36m[K^~~~~~~~~[m[K
[1.958s] [01m[K/opt/ros/humble/include/image_transport/image_transport/image_transport.hpp:188:14:[m[K [01;36m[Knote: [m[K  template argument deduction/substitution failed:
[1.958s] [01m[K/home/arlen1/Documents/ROS2 Tests/Test1/src/cpp_pubsub/src/subscriber_member_function.cpp:72:49:[m[K [01;36m[Knote: [m[K  mismatched types â€˜[01m[Kvoid (T::*)(const ImageConstPtr&)[m[Kâ€™ and â€˜[01m[Kvoid (*)(const int&)[m[Kâ€™
[1.958s]    72 |   image_transport::Subscriber sub = [01;36m[Kit.subscribe("imagetopic", 10, imageCallback)[m[K;
[1.958s]       |                                     [01;36m[K~~~~~~~~~~~~^~~~~~~~~~~~~~~~~~~~~~~~~~~~~~~~~[m[K
[1.958s] In file included from [01m[K/home/arlen1/Documents/ROS2 Tests/Test1/src/cpp_pubsub/src/subscriber_member_function.cpp:28[m[K:
[1.958s] [01m[K/opt/ros/humble/include/image_transport/image_transport/image_transport.hpp:202:14:[m[K [01;36m[Knote: [m[Kcandidate: â€˜[01m[Ktemplate<class T> image_transport::Subscriber image_transport::ImageTransport::subscribe(const string&, uint32_t, void (T::*)(const ImageConstPtr&), T*, const image_transport::TransportHints*, rclcpp::SubscriptionOptions)[m[Kâ€™
[1.958s]   202 |   Subscriber [01;36m[Ksubscribe[m[K(
[1.958s]       |              [01;36m[K^~~~~~~~~[m[K
[1.958s] [01m[K/opt/ros/humble/include/image_transport/image_transport/image_transport.hpp:202:14:[m[K [01;36m[Knote: [m[K  template argument deduction/substitution failed:
[1.958s] [01m[K/home/arlen1/Documents/ROS2 Tests/Test1/src/cpp_pubsub/src/subscriber_member_function.cpp:72:49:[m[K [01;36m[Knote: [m[K  mismatched types â€˜[01m[Kvoid (T::*)(const ImageConstPtr&)[m[Kâ€™ and â€˜[01m[Kvoid (*)(const int&)[m[Kâ€™
[1.958s]    72 |   image_transport::Subscriber sub = [01;36m[Kit.subscribe("imagetopic", 10, imageCallback)[m[K;
[1.958s]       |                                     [01;36m[K~~~~~~~~~~~~^~~~~~~~~~~~~~~~~~~~~~~~~~~~~~~~~[m[K
[1.958s] In file included from [01m[K/home/arlen1/Documents/ROS2 Tests/Test1/src/cpp_pubsub/src/subscriber_member_function.cpp:28[m[K:
[1.958s] [01m[K/opt/ros/humble/include/image_transport/image_transport/image_transport.hpp:217:14:[m[K [01;36m[Knote: [m[Kcandidate: â€˜[01m[Ktemplate<class T> image_transport::Subscriber image_transport::ImageTransport::subscribe(const string&, uint32_t, void (T::*)(const ImageConstPtr&), const std::shared_ptr<_Tp>&, const image_transport::TransportHints*)[m[Kâ€™
[1.958s]   217 |   Subscriber [01;36m[Ksubscribe[m[K(
[1.958s]       |              [01;36m[K^~~~~~~~~[m[K
[1.958s] [01m[K/opt/ros/humble/include/image_transport/image_transport/image_transport.hpp:217:14:[m[K [01;36m[Knote: [m[K  template argument deduction/substitution failed:
[1.958s] [01m[K/home/arlen1/Documents/ROS2 Tests/Test1/src/cpp_pubsub/src/subscriber_member_function.cpp:72:49:[m[K [01;36m[Knote: [m[K  mismatched types â€˜[01m[Kvoid (T::*)(const ImageConstPtr&)[m[Kâ€™ and â€˜[01m[Kvoid (*)(const int&)[m[Kâ€™
[1.958s]    72 |   image_transport::Subscriber sub = [01;36m[Kit.subscribe("imagetopic", 10, imageCallback)[m[K;
[1.958s]       |                                     [01;36m[K~~~~~~~~~~~~^~~~~~~~~~~~~~~~~~~~~~~~~~~~~~~~~[m[K
[1.958s] In file included from [01m[K/home/arlen1/Documents/ROS2 Tests/Test1/src/cpp_pubsub/src/subscriber_member_function.cpp:28[m[K:
[1.958s] [01m[K/opt/ros/humble/include/image_transport/image_transport/image_transport.hpp:232:14:[m[K [01;36m[Knote: [m[Kcandidate: â€˜[01m[Ktemplate<class T> image_transport::Subscriber image_transport::ImageTransport::subscribe(const string&, uint32_t, void (T::*)(const ImageConstPtr&), const std::shared_ptr<_Tp>&, const image_transport::TransportHints*, rclcpp::SubscriptionOptions)[m[Kâ€™
[1.958s]   232 |   Subscriber [01;36m[Ksubscribe[m[K(
[1.958s]       |              [01;36m[K^~~~~~~~~[m[K
[1.958s] [01m[K/opt/ros/humble/include/image_transport/image_transport/image_transport.hpp:232:14:[m[K [01;36m[Knote: [m[K  template argument deduction/substitution failed:
[1.958s] [01m[K/home/arlen1/Documents/ROS2 Tests/Test1/src/cpp_pubsub/src/subscriber_member_function.cpp:72:49:[m[K [01;36m[Knote: [m[K  mismatched types â€˜[01m[Kvoid (T::*)(const ImageConstPtr&)[m[Kâ€™ and â€˜[01m[Kvoid (*)(const int&)[m[Kâ€™
[1.958s]    72 |   image_transport::Subscriber sub = [01;36m[Kit.subscribe("imagetopic", 10, imageCallback)[m[K;
[1.958s]       |                                     [01;36m[K~~~~~~~~~~~~^~~~~~~~~~~~~~~~~~~~~~~~~~~~~~~~~[m[K
[1.958s] In file included from [01m[K/home/arlen1/Documents/ROS2 Tests/Test1/src/cpp_pubsub/src/subscriber_member_function.cpp:28[m[K:
[1.959s] [01m[K/opt/ros/humble/include/image_transport/image_transport/image_transport.hpp:136:14:[m[K [01;36m[Knote: [m[Kcandidate: â€˜[01m[Kimage_transport::Subscriber image_transport::ImageTransport::subscribe(const string&, uint32_t, const Callback&, const VoidPtr&, const image_transport::TransportHints*)[m[Kâ€™
[1.959s]   136 |   Subscriber [01;36m[Ksubscribe[m[K(
[1.959s]       |              [01;36m[K^~~~~~~~~[m[K
[1.959s] [01m[K/opt/ros/humble/include/image_transport/image_transport/image_transport.hpp:138:34:[m[K [01;36m[Knote: [m[K  no known conversion for argument 3 from â€˜[01m[Kvoid(const int&)[m[Kâ€™ to â€˜[01m[Kconst Callback&[m[Kâ€™ {aka â€˜[01m[Kconst std::function<void(const std::shared_ptr<const sensor_msgs::msg::Image_<std::allocator<void> > >&)>&[m[Kâ€™}
[1.959s]   138 |     [01;36m[Kconst Subscriber::Callback & callback[m[K,
[1.959s]       |     [01;36m[K~~~~~~~~~~~~~~~~~~~~~~~~~~~~~^~~~~~~~[m[K
[1.959s] [01m[K/opt/ros/humble/include/image_transport/image_transport/image_transport.hpp:146:14:[m[K [01;36m[Knote: [m[Kcandidate: â€˜[01m[Kimage_transport::Subscriber image_transport::ImageTransport::subscribe(const string&, uint32_t, const Callback&, const VoidPtr&, const image_transport::TransportHints*, rclcpp::SubscriptionOptions)[m[Kâ€™
[1.959s]   146 |   Subscriber [01;36m[Ksubscribe[m[K(
[1.959s]       |              [01;36m[K^~~~~~~~~[m[K
[1.959s] [01m[K/opt/ros/humble/include/image_transport/image_transport/image_transport.hpp:146:14:[m[K [01;36m[Knote: [m[K  candidate expects 6 arguments, 3 provided
[1.959s] [01m[K/opt/ros/humble/include/image_transport/image_transport/image_transport.hpp:157:14:[m[K [01;36m[Knote: [m[Kcandidate: â€˜[01m[Kimage_transport::Subscriber image_transport::ImageTransport::subscribe(const string&, uint32_t, void (*)(const ImageConstPtr&), const image_transport::TransportHints*)[m[Kâ€™ (near match)
[1.959s]   157 |   Subscriber [01;36m[Ksubscribe[m[K(
[1.959s]       |              [01;36m[K^~~~~~~~~[m[K
[1.959s] [01m[K/opt/ros/humble/include/image_transport/image_transport/image_transport.hpp:157:14:[m[K [01;36m[Knote: [m[K  conversion of argument 3 would be ill-formed:
[1.959s] [01m[K/home/arlen1/Documents/ROS2 Tests/Test1/src/cpp_pubsub/src/subscriber_member_function.cpp:72:68:[m[K [01;31m[Kerror: [m[Kinvalid conversion from â€˜[01m[Kvoid (*)(const int&)[m[Kâ€™ to â€˜[01m[Kvoid (*)(const ImageConstPtr&)[m[Kâ€™ {aka â€˜[01m[Kvoid (*)(const std::shared_ptr<const sensor_msgs::msg::Image_<std::allocator<void> > >&)[m[Kâ€™} [[01;31m[K]8;;https://gcc.gnu.org/onlinedocs/gcc/Warning-Options.html#index-fpermissive-fpermissive]8;;[m[K]
[1.959s]    72 |   image_transport::Subscriber sub = it.subscribe("imagetopic", 10, [01;31m[KimageCallback[m[K);
[1.959s]       |                                                                    [01;31m[K^~~~~~~~~~~~~[m[K
[1.959s]       |                                                                    [01;31m[K|[m[K
[1.959s]       |                                                                    [01;31m[Kvoid (*)(const int&)[m[K
[1.959s] In file included from [01m[K/home/arlen1/Documents/ROS2 Tests/Test1/src/cpp_pubsub/src/subscriber_member_function.cpp:28[m[K:
[1.959s] [01m[K/opt/ros/humble/include/image_transport/image_transport/image_transport.hpp:172:14:[m[K [01;36m[Knote: [m[Kcandidate: â€˜[01m[Kimage_transport::Subscriber image_transport::ImageTransport::subscribe(const string&, uint32_t, void (*)(const ImageConstPtr&), const image_transport::TransportHints*, rclcpp::SubscriptionOptions)[m[Kâ€™
[1.959s]   172 |   Subscriber [01;36m[Ksubscribe[m[K(
[1.959s]       |              [01;36m[K^~~~~~~~~[m[K
[1.959s] [01m[K/opt/ros/humble/include/image_transport/image_transport/image_transport.hpp:172:14:[m[K [01;36m[Knote: [m[K  candidate expects 5 arguments, 3 provided
[3.414s] gmake[2]: *** [CMakeFiles/listener.dir/build.make:76: CMakeFiles/listener.dir/src/subscriber_member_function.cpp.o] Error 1
[3.414s] gmake[1]: *** [CMakeFiles/Makefile2:165: CMakeFiles/listener.dir/all] Error 2
[3.415s] gmake[1]: *** Waiting for unfinished jobs....
[3.597s] [ 75%] [32m[1mLinking CXX executable talker[0m
[3.817s] [ 75%] Built target talker
[3.817s] gmake: *** [Makefile:146: all] Error 2
[3.818s] Invoked command in '/home/arlen1/Documents/ROS2 Tests/Test1/build/cpp_pubsub' returned '2': CMAKE_PREFIX_PATH=${CMAKE_PREFIX_PATH}:/opt/ros/humble /usr/bin/cmake --build /home/arlen1/Documents/ROS2 Tests/Test1/build/cpp_pubsub -- -j2 -l2
