-- Found ament_cmake: 1.3.10 (/opt/ros/humble/share/ament_cmake/cmake)
-- Found ament_lint_auto: 0.12.11 (/opt/ros/humble/share/ament_lint_auto/cmake)
-- Found rclcpp: 16.0.10 (/opt/ros/humble/share/rclcpp/cmake)
-- Found rosidl_generator_c: 3.1.5 (/opt/ros/humble/share/rosidl_generator_c/cmake)
-- Found rosidl_adapter: 3.1.5 (/opt/ros/humble/share/rosidl_adapter/cmake)
-- Found rosidl_generator_cpp: 3.1.5 (/opt/ros/humble/share/rosidl_generator_cpp/cmake)
-- Using all available rosidl_typesupport_c: rosidl_typesupport_fastrtps_c;rosidl_typesupport_introspection_c
-- Using all available rosidl_typesupport_cpp: rosidl_typesupport_fastrtps_cpp;rosidl_typesupport_introspection_cpp
-- Found rmw_implementation_cmake: 6.1.2 (/opt/ros/humble/share/rmw_implementation_cmake/cmake)
-- Found rmw_fastrtps_cpp: 6.2.7 (/opt/ros/humble/share/rmw_fastrtps_cpp/cmake)
-- Using RMW implementation 'rmw_fastrtps_cpp' as default
-- Found cv_bridge: 3.2.1 (/opt/ros/humble/share/cv_bridge/cmake)
-- Found image_transport: 3.1.9 (/opt/ros/humble/share/image_transport/cmake)
-- Added test 'cppcheck' to perform static code analysis on C / C++ code
-- Configured cppcheck include dirs: 
-- Configured cppcheck exclude dirs and/or files: 
-- Added test 'lint_cmake' to check CMake code style
-- Added test 'uncrustify' to check C / C++ code style
-- Configured uncrustify additional arguments: 
-- Added test 'xmllint' to check XML markup files
-- Configuring done
-- Generating done
-- Build files have been written to: /home/arlen1/Documents/ROS2 Tests/Test1/build/cpp_pubsub
[35m[1mConsolidate compiler generated dependencies of target listener[0m
[35m[1mConsolidate compiler generated dependencies of target talker[0m
[ 25%] [32mBuilding CXX object CMakeFiles/listener.dir/src/subscriber_member_function.cpp.o[0m
[ 75%] Built target talker
[01m[K/home/arlen1/Documents/ROS2 Tests/Test1/src/cpp_pubsub/src/subscriber_member_function.cpp:66:29:[m[K [01;31m[Kerror: [m[Kâ€˜[01m[Ksensors[m[Kâ€™ does not name a type
   66 |   void topic_callback(const [01;31m[Ksensors[m[K::msg::Image::SharedPtr msg) const
      |                             [01;31m[K^~~~~~~[m[K
[01m[K/home/arlen1/Documents/ROS2 Tests/Test1/src/cpp_pubsub/src/subscriber_member_function.cpp:66:41:[m[K [01;31m[Kerror: [m[Kexpected unqualified-id before â€˜[01m[K::[m[Kâ€™ token
   66 |   void topic_callback(const sensors::msg[01;31m[K::[m[KImage::SharedPtr msg) const
      |                                         [01;31m[K^~[m[K
[01m[K/home/arlen1/Documents/ROS2 Tests/Test1/src/cpp_pubsub/src/subscriber_member_function.cpp:66:41:[m[K [01;31m[Kerror: [m[Kexpected â€˜[01m[K)[m[Kâ€™ before â€˜[01m[K::[m[Kâ€™ token
   66 |   void topic_callback[34m[K([m[Kconst sensors::msg[01;31m[K:[m[K[32m[K:[m[KImage::SharedPtr msg) const
      |                      [34m[K~[m[K                  [01;31m[K^[m[K[32m[K~[m[K
      |                                         [32m[K)[m[K
[01m[K/home/arlen1/Documents/ROS2 Tests/Test1/src/cpp_pubsub/src/subscriber_member_function.cpp:66:38:[m[K [01;31m[Kerror: [m[Kexpected â€˜[01m[K;[m[Kâ€™ at end of member declaration
   66 |   void topic_callback(const sensors::[01;31m[Kmsg[m[K::Image::SharedPtr msg) const
      |                                      [01;31m[K^~~[m[K
      |                                         [32m[K;[m[K
[01m[K/home/arlen1/Documents/ROS2 Tests/Test1/src/cpp_pubsub/src/subscriber_member_function.cpp:66:43:[m[K [01;31m[Kerror: [m[Kâ€˜[01m[KImage[m[Kâ€™ in namespace â€˜[01m[K::[m[Kâ€™ does not name a type
   66 |   void topic_callback(const sensors::msg::[01;31m[KImage[m[K::SharedPtr msg) const
      |                                           [01;31m[K^~~~~[m[K
[01m[K/home/arlen1/Documents/ROS2 Tests/Test1/src/cpp_pubsub/src/subscriber_member_function.cpp:70:24:[m[K [01;31m[Kerror: [m[Kâ€˜[01m[Ksensors[m[Kâ€™ was not declared in this scope
   70 |   rclcpp::Subscription<[01;31m[Ksensors[m[K::msg::Image>::SharedPtr subscription_;
      |                        [01;31m[K^~~~~~~[m[K
[01m[K/home/arlen1/Documents/ROS2 Tests/Test1/src/cpp_pubsub/src/subscriber_member_function.cpp:70:43:[m[K [01;31m[Kerror: [m[Ktemplate argument 1 is invalid
   70 |   rclcpp::Subscription<sensors::msg::Image[01;31m[K>[m[K::SharedPtr subscription_;
      |                                           [01;31m[K^[m[K
[01m[K/home/arlen1/Documents/ROS2 Tests/Test1/src/cpp_pubsub/src/subscriber_member_function.cpp:70:43:[m[K [01;31m[Kerror: [m[Ktemplate argument 3 is invalid
[01m[K/home/arlen1/Documents/ROS2 Tests/Test1/src/cpp_pubsub/src/subscriber_member_function.cpp:70:43:[m[K [01;31m[Kerror: [m[Ktemplate argument 4 is invalid
[01m[K/home/arlen1/Documents/ROS2 Tests/Test1/src/cpp_pubsub/src/subscriber_member_function.cpp:70:43:[m[K [01;31m[Kerror: [m[Ktemplate argument 5 is invalid
[01m[K/home/arlen1/Documents/ROS2 Tests/Test1/src/cpp_pubsub/src/subscriber_member_function.cpp:70:46:[m[K [01;31m[Kerror: [m[Kexpected â€˜[01m[K;[m[Kâ€™ at end of member declaration
   70 |   rclcpp::Subscription<sensors::msg::Image>::[01;31m[KSharedPtr[m[K subscription_;
      |                                              [01;31m[K^~~~~~~~~[m[K
      |                                                       [32m[K;[m[K
[01m[K/home/arlen1/Documents/ROS2 Tests/Test1/src/cpp_pubsub/src/subscriber_member_function.cpp:70:56:[m[K [01;31m[Kerror: [m[Kâ€˜[01m[Ksubscription_[m[Kâ€™ does not name a type; did you mean â€˜[01m[Krmw_subscription_t[m[Kâ€™?
   70 |   rclcpp::Subscription<sensors::msg::Image>::SharedPtr [01;31m[Ksubscription_[m[K;
      |                                                        [01;31m[K^~~~~~~~~~~~~[m[K
      |                                                        [32m[Krmw_subscription_t[m[K
[01m[K/home/arlen1/Documents/ROS2 Tests/Test1/src/cpp_pubsub/src/subscriber_member_function.cpp:[m[K In constructor â€˜[01m[KImageSubscriber::ImageSubscriber()[m[Kâ€™:
[01m[K/home/arlen1/Documents/ROS2 Tests/Test1/src/cpp_pubsub/src/subscriber_member_function.cpp:61:5:[m[K [01;31m[Kerror: [m[Kâ€˜[01m[Ksubscription_[m[Kâ€™ was not declared in this scope; did you mean â€˜[01m[Krmw_subscription_t[m[Kâ€™?
   61 |     [01;31m[Ksubscription_[m[K = this->create_subscription<sensors::msg::Image>(
      |     [01;31m[K^~~~~~~~~~~~~[m[K
      |     [32m[Krmw_subscription_t[m[K
[01m[K/home/arlen1/Documents/ROS2 Tests/Test1/src/cpp_pubsub/src/subscriber_member_function.cpp:61:47:[m[K [01;31m[Kerror: [m[Kâ€˜[01m[Ksensors[m[Kâ€™ was not declared in this scope
   61 |     subscription_ = this->create_subscription<[01;31m[Ksensors[m[K::msg::Image>(
      |                                               [01;31m[K^~~~~~~[m[K
[01m[K/home/arlen1/Documents/ROS2 Tests/Test1/src/cpp_pubsub/src/subscriber_member_function.cpp:61:27:[m[K [01;31m[Kerror: [m[Kparse error in template argument list
   61 |     subscription_ = this->[01;31m[Kcreate_subscription<sensors::msg::Image>[m[K(
      |                           [01;31m[K^~~~~~~~~~~~~~~~~~~~~~~~~~~~~~~~~~~~~~~~[m[K
[01m[K/home/arlen1/Documents/ROS2 Tests/Test1/src/cpp_pubsub/src/subscriber_member_function.cpp:61:67:[m[K [01;31m[Kerror: [m[Kno matching function for call to â€˜[01m[KImageSubscriber::create_subscription<<expression error> >(const char [9], int, std::_Bind_helper<false, void (ImageSubscriber::*)(...), ImageSubscriber*, const std::_Placeholder<1>&>::type)[m[Kâ€™
   61 |     subscription_ = [01;31m[Kthis->create_subscription<sensors::msg::Image>([m[K
      |                     [01;31m[K~~~~~~~~~~~~~~~~~~~~~~~~~~~~~~~~~~~~~~~~~~~~~~^[m[K
   62 | [01;31m[K      "imgtopic", 10, std::bind(&ImageSubscriber::topic_callback, this, _1))[m[K;
      |       [01;31m[K~~~~~~~~~~~~~~~~~~~~~~~~~~~~~~~~~~~~~~~~~~~~~~~~~~~~~~~~~~~~~~~~~~~~~~[m[K
In file included from [01m[K/opt/ros/humble/include/rclcpp/rclcpp/node.hpp:1321[m[K,
                 from [01m[K/opt/ros/humble/include/rclcpp/rclcpp/executors/single_threaded_executor.hpp:28[m[K,
                 from [01m[K/opt/ros/humble/include/rclcpp/rclcpp/executors.hpp:22[m[K,
                 from [01m[K/opt/ros/humble/include/rclcpp/rclcpp/rclcpp.hpp:155[m[K,
                 from [01m[K/home/arlen1/Documents/ROS2 Tests/Test1/src/cpp_pubsub/src/subscriber_member_function.cpp:26[m[K:
[01m[K/opt/ros/humble/include/rclcpp/rclcpp/node_impl.hpp:92:1:[m[K [01;36m[Knote: [m[Kcandidate: â€˜[01m[Ktemplate<class MessageT, class CallbackT, class AllocatorT, class SubscriptionT, class MessageMemoryStrategyT> std::shared_ptr<ROSMessageT> rclcpp::Node::create_subscription(const string&, const rclcpp::QoS&, CallbackT&&, const rclcpp::SubscriptionOptionsWithAllocator<AllocatorT>&, typename MessageMemoryStrategyT::SharedPtr)[m[Kâ€™
   92 | [01;36m[KNode[m[K::create_subscription(
      | [01;36m[K^~~~[m[K
[01m[K/opt/ros/humble/include/rclcpp/rclcpp/node_impl.hpp:92:1:[m[K [01;36m[Knote: [m[K  template argument deduction/substitution failed:
[01m[K/home/arlen1/Documents/ROS2 Tests/Test1/src/cpp_pubsub/src/subscriber_member_function.cpp:61:67:[m[K [01;31m[Kerror: [m[Ktemplate argument 1 is invalid
   61 |     subscription_ = [01;31m[Kthis->create_subscription<sensors::msg::Image>([m[K
      |                     [01;31m[K~~~~~~~~~~~~~~~~~~~~~~~~~~~~~~~~~~~~~~~~~~~~~~^[m[K
   62 | [01;31m[K      "imgtopic", 10, std::bind(&ImageSubscriber::topic_callback, this, _1))[m[K;
      |       [01;31m[K~~~~~~~~~~~~~~~~~~~~~~~~~~~~~~~~~~~~~~~~~~~~~~~~~~~~~~~~~~~~~~~~~~~~~~[m[K
gmake[2]: *** [CMakeFiles/listener.dir/build.make:76: CMakeFiles/listener.dir/src/subscriber_member_function.cpp.o] Error 1
gmake[1]: *** [CMakeFiles/Makefile2:165: CMakeFiles/listener.dir/all] Error 2
gmake: *** [Makefile:146: all] Error 2
