[0.000000] (-) TimerEvent: {}
[0.000425] (cpp_pubsub) JobQueued: {'identifier': 'cpp_pubsub', 'dependencies': OrderedDict()}
[0.000452] (cpp_pubsub) JobStarted: {'identifier': 'cpp_pubsub'}
[0.004786] (cpp_pubsub) JobProgress: {'identifier': 'cpp_pubsub', 'progress': 'cmake'}
[0.005393] (cpp_pubsub) JobProgress: {'identifier': 'cpp_pubsub', 'progress': 'build'}
[0.005420] (cpp_pubsub) Command: {'cmd': ['/usr/bin/cmake', '--build', '/home/arlen1/Documents/ROS2 Tests/Test1/build/cpp_pubsub', '--', '-j2', '-l2'], 'cwd': '/home/arlen1/Documents/ROS2 Tests/Test1/build/cpp_pubsub', 'env': OrderedDict([('LESSOPEN', '| /usr/bin/lesspipe %s'), ('USER', 'arlen1'), ('XDG_SESSION_TYPE', 'wayland'), ('SHLVL', '1'), ('LD_LIBRARY_PATH', '/opt/ros/humble/opt/rviz_ogre_vendor/lib:/opt/ros/humble/lib/aarch64-linux-gnu:/opt/ros/humble/lib'), ('HOME', '/home/arlen1'), ('DESKTOP_SESSION', 'ubuntu'), ('ROS_PYTHON_VERSION', '3'), ('GNOME_SHELL_SESSION_MODE', 'ubuntu'), ('GTK_MODULES', 'gail:atk-bridge'), ('SYSTEMD_EXEC_PID', '2104'), ('DBUS_SESSION_BUS_ADDRESS', 'unix:path=/run/user/1000/bus'), ('COLORTERM', 'truecolor'), ('IM_CONFIG_PHASE', '1'), ('WAYLAND_DISPLAY', 'wayland-0'), ('COLCON_PREFIX_PATH', '/home/arlen1/Documents/ROS2 Tests/Test1/install'), ('ROS_DISTRO', 'humble'), ('LOGNAME', 'arlen1'), ('_', '/usr/bin/colcon'), ('ROS_VERSION', '2'), ('XDG_SESSION_CLASS', 'user'), ('USERNAME', 'arlen1'), ('TERM', 'xterm-256color'), ('GNOME_DESKTOP_SESSION_ID', 'this-is-deprecated'), ('ROS_LOCALHOST_ONLY', '0'), ('PATH', '/opt/ros/humble/bin:/usr/local/sbin:/usr/local/bin:/usr/sbin:/usr/bin:/sbin:/bin:/usr/games:/usr/local/games:/snap/bin:/snap/bin'), ('SESSION_MANAGER', 'local/arlen-VMWareAppleSilicon:@/tmp/.ICE-unix/1546,unix/arlen-VMWareAppleSilicon:/tmp/.ICE-unix/1546'), ('XDG_MENU_PREFIX', 'gnome-'), ('GNOME_TERMINAL_SCREEN', '/org/gnome/Terminal/screen/3ecacd66_9386_451c_9a99_2e4127e99739'), ('GNOME_SETUP_DISPLAY', ':1'), ('XDG_RUNTIME_DIR', '/run/user/1000'), ('DISPLAY', ':0'), ('LANG', 'en_US.UTF-8'), ('XDG_CURRENT_DESKTOP', 'ubuntu:GNOME'), ('XMODIFIERS', '@im=ibus'), ('XDG_SESSION_DESKTOP', 'ubuntu'), ('XAUTHORITY', '/run/user/1000/.mutter-Xwaylandauth.O3UUT2'), ('LS_COLORS', 'rs=0:di=01;34:ln=01;36:mh=00:pi=40;33:so=01;35:do=01;35:bd=40;33;01:cd=40;33;01:or=40;31;01:mi=00:su=37;41:sg=30;43:ca=30;41:tw=30;42:ow=34;42:st=37;44:ex=01;32:*.tar=01;31:*.tgz=01;31:*.arc=01;31:*.arj=01;31:*.taz=01;31:*.lha=01;31:*.lz4=01;31:*.lzh=01;31:*.lzma=01;31:*.tlz=01;31:*.txz=01;31:*.tzo=01;31:*.t7z=01;31:*.zip=01;31:*.z=01;31:*.dz=01;31:*.gz=01;31:*.lrz=01;31:*.lz=01;31:*.lzo=01;31:*.xz=01;31:*.zst=01;31:*.tzst=01;31:*.bz2=01;31:*.bz=01;31:*.tbz=01;31:*.tbz2=01;31:*.tz=01;31:*.deb=01;31:*.rpm=01;31:*.jar=01;31:*.war=01;31:*.ear=01;31:*.sar=01;31:*.rar=01;31:*.alz=01;31:*.ace=01;31:*.zoo=01;31:*.cpio=01;31:*.7z=01;31:*.rz=01;31:*.cab=01;31:*.wim=01;31:*.swm=01;31:*.dwm=01;31:*.esd=01;31:*.jpg=01;35:*.jpeg=01;35:*.mjpg=01;35:*.mjpeg=01;35:*.gif=01;35:*.bmp=01;35:*.pbm=01;35:*.pgm=01;35:*.ppm=01;35:*.tga=01;35:*.xbm=01;35:*.xpm=01;35:*.tif=01;35:*.tiff=01;35:*.png=01;35:*.svg=01;35:*.svgz=01;35:*.mng=01;35:*.pcx=01;35:*.mov=01;35:*.mpg=01;35:*.mpeg=01;35:*.m2v=01;35:*.mkv=01;35:*.webm=01;35:*.webp=01;35:*.ogm=01;35:*.mp4=01;35:*.m4v=01;35:*.mp4v=01;35:*.vob=01;35:*.qt=01;35:*.nuv=01;35:*.wmv=01;35:*.asf=01;35:*.rm=01;35:*.rmvb=01;35:*.flc=01;35:*.avi=01;35:*.fli=01;35:*.flv=01;35:*.gl=01;35:*.dl=01;35:*.xcf=01;35:*.xwd=01;35:*.yuv=01;35:*.cgm=01;35:*.emf=01;35:*.ogv=01;35:*.ogx=01;35:*.aac=00;36:*.au=00;36:*.flac=00;36:*.m4a=00;36:*.mid=00;36:*.midi=00;36:*.mka=00;36:*.mp3=00;36:*.mpc=00;36:*.ogg=00;36:*.ra=00;36:*.wav=00;36:*.oga=00;36:*.opus=00;36:*.spx=00;36:*.xspf=00;36:'), ('GNOME_TERMINAL_SERVICE', ':1.97'), ('SSH_AGENT_LAUNCHER', 'gnome-keyring'), ('SSH_AUTH_SOCK', '/run/user/1000/keyring/ssh'), ('AMENT_PREFIX_PATH', '/home/arlen1/Documents/ROS2 Tests/Test1/install/cpp_pubsub:/opt/ros/humble'), ('SHELL', '/bin/bash'), ('QT_ACCESSIBILITY', '1'), ('GDMSESSION', 'ubuntu'), ('LESSCLOSE', '/usr/bin/lesspipe %s %s'), ('QT_IM_MODULE', 'ibus'), ('PWD', '/home/arlen1/Documents/ROS2 Tests/Test1/build/cpp_pubsub'), ('XDG_CONFIG_DIRS', '/etc/xdg/xdg-ubuntu:/etc/xdg'), ('XDG_DATA_DIRS', '/usr/share/ubuntu:/usr/local/share/:/usr/share/:/var/lib/snapd/desktop'), ('PYTHONPATH', '/opt/ros/humble/lib/python3.10/site-packages:/opt/ros/humble/local/lib/python3.10/dist-packages'), ('COLCON', '1'), ('VTE_VERSION', '6800'), ('CMAKE_PREFIX_PATH', '/home/arlen1/Documents/ROS2 Tests/Test1/install/cpp_pubsub:/opt/ros/humble')]), 'shell': False}
[0.033986] (cpp_pubsub) StdoutLine: {'line': b'-- Found ament_cmake: 1.3.10 (/opt/ros/humble/share/ament_cmake/cmake)\n'}
[0.099270] (-) TimerEvent: {}
[0.152845] (cpp_pubsub) StdoutLine: {'line': b'-- Found ament_lint_auto: 0.12.11 (/opt/ros/humble/share/ament_lint_auto/cmake)\n'}
[0.153545] (cpp_pubsub) StdoutLine: {'line': b'-- Found rclcpp: 16.0.10 (/opt/ros/humble/share/rclcpp/cmake)\n'}
[0.181452] (cpp_pubsub) StdoutLine: {'line': b'-- Found rosidl_generator_c: 3.1.5 (/opt/ros/humble/share/rosidl_generator_c/cmake)\n'}
[0.184194] (cpp_pubsub) StdoutLine: {'line': b'-- Found rosidl_adapter: 3.1.5 (/opt/ros/humble/share/rosidl_adapter/cmake)\n'}
[0.189857] (cpp_pubsub) StdoutLine: {'line': b'-- Found rosidl_generator_cpp: 3.1.5 (/opt/ros/humble/share/rosidl_generator_cpp/cmake)\n'}
[0.198767] (cpp_pubsub) StdoutLine: {'line': b'-- Using all available rosidl_typesupport_c: rosidl_typesupport_fastrtps_c;rosidl_typesupport_introspection_c\n'}
[0.199368] (-) TimerEvent: {}
[0.210247] (cpp_pubsub) StdoutLine: {'line': b'-- Using all available rosidl_typesupport_cpp: rosidl_typesupport_fastrtps_cpp;rosidl_typesupport_introspection_cpp\n'}
[0.247769] (cpp_pubsub) StdoutLine: {'line': b'-- Found rmw_implementation_cmake: 6.1.2 (/opt/ros/humble/share/rmw_implementation_cmake/cmake)\n'}
[0.249243] (cpp_pubsub) StdoutLine: {'line': b'-- Found rmw_fastrtps_cpp: 6.2.7 (/opt/ros/humble/share/rmw_fastrtps_cpp/cmake)\n'}
[0.299489] (-) TimerEvent: {}
[0.327554] (cpp_pubsub) StdoutLine: {'line': b"-- Using RMW implementation 'rmw_fastrtps_cpp' as default\n"}
[0.383809] (cpp_pubsub) StdoutLine: {'line': b'-- Found cv_bridge: 3.2.1 (/opt/ros/humble/share/cv_bridge/cmake)\n'}
[0.399580] (-) TimerEvent: {}
[0.420991] (cpp_pubsub) StdoutLine: {'line': b'-- Found image_transport: 3.1.9 (/opt/ros/humble/share/image_transport/cmake)\n'}
[0.491968] (cpp_pubsub) StdoutLine: {'line': b"-- Added test 'cppcheck' to perform static code analysis on C / C++ code\n"}
[0.492126] (cpp_pubsub) StdoutLine: {'line': b'-- Configured cppcheck include dirs: \n'}
[0.492169] (cpp_pubsub) StdoutLine: {'line': b'-- Configured cppcheck exclude dirs and/or files: \n'}
[0.492486] (cpp_pubsub) StdoutLine: {'line': b"-- Added test 'lint_cmake' to check CMake code style\n"}
[0.493128] (cpp_pubsub) StdoutLine: {'line': b"-- Added test 'uncrustify' to check C / C++ code style\n"}
[0.493179] (cpp_pubsub) StdoutLine: {'line': b'-- Configured uncrustify additional arguments: \n'}
[0.493393] (cpp_pubsub) StdoutLine: {'line': b"-- Added test 'xmllint' to check XML markup files\n"}
[0.494136] (cpp_pubsub) StdoutLine: {'line': b'-- Configuring done\n'}
[0.499704] (-) TimerEvent: {}
[0.505141] (cpp_pubsub) StdoutLine: {'line': b'-- Generating done\n'}
[0.506533] (cpp_pubsub) StdoutLine: {'line': b'-- Build files have been written to: /home/arlen1/Documents/ROS2 Tests/Test1/build/cpp_pubsub\n'}
[0.521892] (cpp_pubsub) StdoutLine: {'line': b'\x1b[35m\x1b[1mConsolidate compiler generated dependencies of target listener\x1b[0m\n'}
[0.522081] (cpp_pubsub) StdoutLine: {'line': b'\x1b[35m\x1b[1mConsolidate compiler generated dependencies of target talker\x1b[0m\n'}
[0.531893] (cpp_pubsub) StdoutLine: {'line': b'[ 25%] \x1b[32mBuilding CXX object CMakeFiles/listener.dir/src/subscriber_member_function.cpp.o\x1b[0m\n'}
[0.546112] (cpp_pubsub) StdoutLine: {'line': b'[ 75%] Built target talker\n'}
[0.599839] (-) TimerEvent: {}
[0.700172] (-) TimerEvent: {}
[0.801536] (-) TimerEvent: {}
[0.902802] (-) TimerEvent: {}
[1.004122] (-) TimerEvent: {}
[1.105403] (-) TimerEvent: {}
[1.206692] (-) TimerEvent: {}
[1.307984] (-) TimerEvent: {}
[1.408920] (-) TimerEvent: {}
[1.510254] (-) TimerEvent: {}
[1.611554] (-) TimerEvent: {}
[1.712852] (-) TimerEvent: {}
[1.814236] (-) TimerEvent: {}
[1.915527] (-) TimerEvent: {}
[2.016822] (-) TimerEvent: {}
[2.117734] (-) TimerEvent: {}
[2.219078] (-) TimerEvent: {}
[2.320456] (-) TimerEvent: {}
[2.421775] (-) TimerEvent: {}
[2.523138] (-) TimerEvent: {}
[2.623551] (-) TimerEvent: {}
[2.724847] (-) TimerEvent: {}
[2.780244] (cpp_pubsub) StderrLine: {'line': b'\x1b[01m\x1b[K/home/arlen1/Documents/ROS2 Tests/Test1/src/cpp_pubsub/src/subscriber_member_function.cpp:66:29:\x1b[m\x1b[K \x1b[01;31m\x1b[Kerror: \x1b[m\x1b[K\xe2\x80\x98\x1b[01m\x1b[Ksensors\x1b[m\x1b[K\xe2\x80\x99 does not name a type\n'}
[2.780399] (cpp_pubsub) StderrLine: {'line': b'   66 |   void topic_callback(const \x1b[01;31m\x1b[Ksensors\x1b[m\x1b[K::msg::Image::SharedPtr msg) const\n'}
[2.780439] (cpp_pubsub) StderrLine: {'line': b'      |                             \x1b[01;31m\x1b[K^~~~~~~\x1b[m\x1b[K\n'}
[2.780472] (cpp_pubsub) StderrLine: {'line': b'\x1b[01m\x1b[K/home/arlen1/Documents/ROS2 Tests/Test1/src/cpp_pubsub/src/subscriber_member_function.cpp:66:41:\x1b[m\x1b[K \x1b[01;31m\x1b[Kerror: \x1b[m\x1b[Kexpected unqualified-id before \xe2\x80\x98\x1b[01m\x1b[K::\x1b[m\x1b[K\xe2\x80\x99 token\n'}
[2.780505] (cpp_pubsub) StderrLine: {'line': b'   66 |   void topic_callback(const sensors::msg\x1b[01;31m\x1b[K::\x1b[m\x1b[KImage::SharedPtr msg) const\n'}
[2.780535] (cpp_pubsub) StderrLine: {'line': b'      |                                         \x1b[01;31m\x1b[K^~\x1b[m\x1b[K\n'}
[2.780566] (cpp_pubsub) StderrLine: {'line': b'\x1b[01m\x1b[K/home/arlen1/Documents/ROS2 Tests/Test1/src/cpp_pubsub/src/subscriber_member_function.cpp:66:41:\x1b[m\x1b[K \x1b[01;31m\x1b[Kerror: \x1b[m\x1b[Kexpected \xe2\x80\x98\x1b[01m\x1b[K)\x1b[m\x1b[K\xe2\x80\x99 before \xe2\x80\x98\x1b[01m\x1b[K::\x1b[m\x1b[K\xe2\x80\x99 token\n'}
[2.780597] (cpp_pubsub) StderrLine: {'line': b'   66 |   void topic_callback\x1b[34m\x1b[K(\x1b[m\x1b[Kconst sensors::msg\x1b[01;31m\x1b[K:\x1b[m\x1b[K\x1b[32m\x1b[K:\x1b[m\x1b[KImage::SharedPtr msg) const\n'}
[2.780628] (cpp_pubsub) StderrLine: {'line': b'      |                      \x1b[34m\x1b[K~\x1b[m\x1b[K                  \x1b[01;31m\x1b[K^\x1b[m\x1b[K\x1b[32m\x1b[K~\x1b[m\x1b[K\n'}
[2.780659] (cpp_pubsub) StderrLine: {'line': b'      |                                         \x1b[32m\x1b[K)\x1b[m\x1b[K\n'}
[2.780722] (cpp_pubsub) StderrLine: {'line': b'\x1b[01m\x1b[K/home/arlen1/Documents/ROS2 Tests/Test1/src/cpp_pubsub/src/subscriber_member_function.cpp:66:38:\x1b[m\x1b[K \x1b[01;31m\x1b[Kerror: \x1b[m\x1b[Kexpected \xe2\x80\x98\x1b[01m\x1b[K;\x1b[m\x1b[K\xe2\x80\x99 at end of member declaration\n'}
[2.780757] (cpp_pubsub) StderrLine: {'line': b'   66 |   void topic_callback(const sensors::\x1b[01;31m\x1b[Kmsg\x1b[m\x1b[K::Image::SharedPtr msg) const\n'}
[2.780788] (cpp_pubsub) StderrLine: {'line': b'      |                                      \x1b[01;31m\x1b[K^~~\x1b[m\x1b[K\n'}
[2.780832] (cpp_pubsub) StderrLine: {'line': b'      |                                         \x1b[32m\x1b[K;\x1b[m\x1b[K\n'}
[2.784355] (cpp_pubsub) StderrLine: {'line': b'\x1b[01m\x1b[K/home/arlen1/Documents/ROS2 Tests/Test1/src/cpp_pubsub/src/subscriber_member_function.cpp:66:43:\x1b[m\x1b[K \x1b[01;31m\x1b[Kerror: \x1b[m\x1b[K\xe2\x80\x98\x1b[01m\x1b[KImage\x1b[m\x1b[K\xe2\x80\x99 in namespace \xe2\x80\x98\x1b[01m\x1b[K::\x1b[m\x1b[K\xe2\x80\x99 does not name a type\n'}
[2.784411] (cpp_pubsub) StderrLine: {'line': b'   66 |   void topic_callback(const sensors::msg::\x1b[01;31m\x1b[KImage\x1b[m\x1b[K::SharedPtr msg) const\n'}
[2.784443] (cpp_pubsub) StderrLine: {'line': b'      |                                           \x1b[01;31m\x1b[K^~~~~\x1b[m\x1b[K\n'}
[2.795180] (cpp_pubsub) StderrLine: {'line': b'\x1b[01m\x1b[K/home/arlen1/Documents/ROS2 Tests/Test1/src/cpp_pubsub/src/subscriber_member_function.cpp:70:24:\x1b[m\x1b[K \x1b[01;31m\x1b[Kerror: \x1b[m\x1b[K\xe2\x80\x98\x1b[01m\x1b[Ksensors\x1b[m\x1b[K\xe2\x80\x99 was not declared in this scope\n'}
[2.795249] (cpp_pubsub) StderrLine: {'line': b'   70 |   rclcpp::Subscription<\x1b[01;31m\x1b[Ksensors\x1b[m\x1b[K::msg::Image>::SharedPtr subscription_;\n'}
[2.795284] (cpp_pubsub) StderrLine: {'line': b'      |                        \x1b[01;31m\x1b[K^~~~~~~\x1b[m\x1b[K\n'}
[2.795315] (cpp_pubsub) StderrLine: {'line': b'\x1b[01m\x1b[K/home/arlen1/Documents/ROS2 Tests/Test1/src/cpp_pubsub/src/subscriber_member_function.cpp:70:43:\x1b[m\x1b[K \x1b[01;31m\x1b[Kerror: \x1b[m\x1b[Ktemplate argument 1 is invalid\n'}
[2.795346] (cpp_pubsub) StderrLine: {'line': b'   70 |   rclcpp::Subscription<sensors::msg::Image\x1b[01;31m\x1b[K>\x1b[m\x1b[K::SharedPtr subscription_;\n'}
[2.795375] (cpp_pubsub) StderrLine: {'line': b'      |                                           \x1b[01;31m\x1b[K^\x1b[m\x1b[K\n'}
[2.795405] (cpp_pubsub) StderrLine: {'line': b'\x1b[01m\x1b[K/home/arlen1/Documents/ROS2 Tests/Test1/src/cpp_pubsub/src/subscriber_member_function.cpp:70:43:\x1b[m\x1b[K \x1b[01;31m\x1b[Kerror: \x1b[m\x1b[Ktemplate argument 3 is invalid\n'}
[2.795434] (cpp_pubsub) StderrLine: {'line': b'\x1b[01m\x1b[K/home/arlen1/Documents/ROS2 Tests/Test1/src/cpp_pubsub/src/subscriber_member_function.cpp:70:43:\x1b[m\x1b[K \x1b[01;31m\x1b[Kerror: \x1b[m\x1b[Ktemplate argument 4 is invalid\n'}
[2.795464] (cpp_pubsub) StderrLine: {'line': b'\x1b[01m\x1b[K/home/arlen1/Documents/ROS2 Tests/Test1/src/cpp_pubsub/src/subscriber_member_function.cpp:70:43:\x1b[m\x1b[K \x1b[01;31m\x1b[Kerror: \x1b[m\x1b[Ktemplate argument 5 is invalid\n'}
[2.795493] (cpp_pubsub) StderrLine: {'line': b'\x1b[01m\x1b[K/home/arlen1/Documents/ROS2 Tests/Test1/src/cpp_pubsub/src/subscriber_member_function.cpp:70:46:\x1b[m\x1b[K \x1b[01;31m\x1b[Kerror: \x1b[m\x1b[Kexpected \xe2\x80\x98\x1b[01m\x1b[K;\x1b[m\x1b[K\xe2\x80\x99 at end of member declaration\n'}
[2.795523] (cpp_pubsub) StderrLine: {'line': b'   70 |   rclcpp::Subscription<sensors::msg::Image>::\x1b[01;31m\x1b[KSharedPtr\x1b[m\x1b[K subscription_;\n'}
[2.795553] (cpp_pubsub) StderrLine: {'line': b'      |                                              \x1b[01;31m\x1b[K^~~~~~~~~\x1b[m\x1b[K\n'}
[2.795583] (cpp_pubsub) StderrLine: {'line': b'      |                                                       \x1b[32m\x1b[K;\x1b[m\x1b[K\n'}
[2.797819] (cpp_pubsub) StderrLine: {'line': b'\x1b[01m\x1b[K/home/arlen1/Documents/ROS2 Tests/Test1/src/cpp_pubsub/src/subscriber_member_function.cpp:70:56:\x1b[m\x1b[K \x1b[01;31m\x1b[Kerror: \x1b[m\x1b[K\xe2\x80\x98\x1b[01m\x1b[Ksubscription_\x1b[m\x1b[K\xe2\x80\x99 does not name a type; did you mean \xe2\x80\x98\x1b[01m\x1b[Krmw_subscription_t\x1b[m\x1b[K\xe2\x80\x99?\n'}
[2.797872] (cpp_pubsub) StderrLine: {'line': b'   70 |   rclcpp::Subscription<sensors::msg::Image>::SharedPtr \x1b[01;31m\x1b[Ksubscription_\x1b[m\x1b[K;\n'}
[2.797902] (cpp_pubsub) StderrLine: {'line': b'      |                                                        \x1b[01;31m\x1b[K^~~~~~~~~~~~~\x1b[m\x1b[K\n'}
[2.797932] (cpp_pubsub) StderrLine: {'line': b'      |                                                        \x1b[32m\x1b[Krmw_subscription_t\x1b[m\x1b[K\n'}
[2.812312] (cpp_pubsub) StderrLine: {'line': b'\x1b[01m\x1b[K/home/arlen1/Documents/ROS2 Tests/Test1/src/cpp_pubsub/src/subscriber_member_function.cpp:\x1b[m\x1b[K In constructor \xe2\x80\x98\x1b[01m\x1b[KImageSubscriber::ImageSubscriber()\x1b[m\x1b[K\xe2\x80\x99:\n'}
[2.812377] (cpp_pubsub) StderrLine: {'line': b'\x1b[01m\x1b[K/home/arlen1/Documents/ROS2 Tests/Test1/src/cpp_pubsub/src/subscriber_member_function.cpp:61:5:\x1b[m\x1b[K \x1b[01;31m\x1b[Kerror: \x1b[m\x1b[K\xe2\x80\x98\x1b[01m\x1b[Ksubscription_\x1b[m\x1b[K\xe2\x80\x99 was not declared in this scope; did you mean \xe2\x80\x98\x1b[01m\x1b[Krmw_subscription_t\x1b[m\x1b[K\xe2\x80\x99?\n'}
[2.812409] (cpp_pubsub) StderrLine: {'line': b'   61 |     \x1b[01;31m\x1b[Ksubscription_\x1b[m\x1b[K = this->create_subscription<sensors::msg::Image>(\n'}
[2.812439] (cpp_pubsub) StderrLine: {'line': b'      |     \x1b[01;31m\x1b[K^~~~~~~~~~~~~\x1b[m\x1b[K\n'}
[2.812469] (cpp_pubsub) StderrLine: {'line': b'      |     \x1b[32m\x1b[Krmw_subscription_t\x1b[m\x1b[K\n'}
[2.822532] (cpp_pubsub) StderrLine: {'line': b'\x1b[01m\x1b[K/home/arlen1/Documents/ROS2 Tests/Test1/src/cpp_pubsub/src/subscriber_member_function.cpp:61:47:\x1b[m\x1b[K \x1b[01;31m\x1b[Kerror: \x1b[m\x1b[K\xe2\x80\x98\x1b[01m\x1b[Ksensors\x1b[m\x1b[K\xe2\x80\x99 was not declared in this scope\n'}
[2.822595] (cpp_pubsub) StderrLine: {'line': b'   61 |     subscription_ = this->create_subscription<\x1b[01;31m\x1b[Ksensors\x1b[m\x1b[K::msg::Image>(\n'}
[2.822626] (cpp_pubsub) StderrLine: {'line': b'      |                                               \x1b[01;31m\x1b[K^~~~~~~\x1b[m\x1b[K\n'}
[2.822656] (cpp_pubsub) StderrLine: {'line': b'\x1b[01m\x1b[K/home/arlen1/Documents/ROS2 Tests/Test1/src/cpp_pubsub/src/subscriber_member_function.cpp:61:27:\x1b[m\x1b[K \x1b[01;31m\x1b[Kerror: \x1b[m\x1b[Kparse error in template argument list\n'}
[2.822686] (cpp_pubsub) StderrLine: {'line': b'   61 |     subscription_ = this->\x1b[01;31m\x1b[Kcreate_subscription<sensors::msg::Image>\x1b[m\x1b[K(\n'}
[2.822716] (cpp_pubsub) StderrLine: {'line': b'      |                           \x1b[01;31m\x1b[K^~~~~~~~~~~~~~~~~~~~~~~~~~~~~~~~~~~~~~~~\x1b[m\x1b[K\n'}
[2.825197] (-) TimerEvent: {}
[2.825347] (cpp_pubsub) StderrLine: {'line': b'\x1b[01m\x1b[K/home/arlen1/Documents/ROS2 Tests/Test1/src/cpp_pubsub/src/subscriber_member_function.cpp:61:67:\x1b[m\x1b[K \x1b[01;31m\x1b[Kerror: \x1b[m\x1b[Kno matching function for call to \xe2\x80\x98\x1b[01m\x1b[KImageSubscriber::create_subscription<<expression error> >(const char [9], int, std::_Bind_helper<false, void (ImageSubscriber::*)(...), ImageSubscriber*, const std::_Placeholder<1>&>::type)\x1b[m\x1b[K\xe2\x80\x99\n'}
[2.825418] (cpp_pubsub) StderrLine: {'line': b'   61 |     subscription_ = \x1b[01;31m\x1b[Kthis->create_subscription<sensors::msg::Image>(\x1b[m\x1b[K\n'}
[2.825450] (cpp_pubsub) StderrLine: {'line': b'      |                     \x1b[01;31m\x1b[K~~~~~~~~~~~~~~~~~~~~~~~~~~~~~~~~~~~~~~~~~~~~~~^\x1b[m\x1b[K\n'}
[2.825479] (cpp_pubsub) StderrLine: {'line': b'   62 | \x1b[01;31m\x1b[K      "imgtopic", 10, std::bind(&ImageSubscriber::topic_callback, this, _1))\x1b[m\x1b[K;\n'}
[2.825509] (cpp_pubsub) StderrLine: {'line': b'      |       \x1b[01;31m\x1b[K~~~~~~~~~~~~~~~~~~~~~~~~~~~~~~~~~~~~~~~~~~~~~~~~~~~~~~~~~~~~~~~~~~~~~~\x1b[m\x1b[K\n'}
[2.825578] (cpp_pubsub) StderrLine: {'line': b'In file included from \x1b[01m\x1b[K/opt/ros/humble/include/rclcpp/rclcpp/node.hpp:1321\x1b[m\x1b[K,\n'}
[2.825611] (cpp_pubsub) StderrLine: {'line': b'                 from \x1b[01m\x1b[K/opt/ros/humble/include/rclcpp/rclcpp/executors/single_threaded_executor.hpp:28\x1b[m\x1b[K,\n'}
[2.825646] (cpp_pubsub) StderrLine: {'line': b'                 from \x1b[01m\x1b[K/opt/ros/humble/include/rclcpp/rclcpp/executors.hpp:22\x1b[m\x1b[K,\n'}
[2.825676] (cpp_pubsub) StderrLine: {'line': b'                 from \x1b[01m\x1b[K/opt/ros/humble/include/rclcpp/rclcpp/rclcpp.hpp:155\x1b[m\x1b[K,\n'}
[2.825705] (cpp_pubsub) StderrLine: {'line': b'                 from \x1b[01m\x1b[K/home/arlen1/Documents/ROS2 Tests/Test1/src/cpp_pubsub/src/subscriber_member_function.cpp:26\x1b[m\x1b[K:\n'}
[2.825735] (cpp_pubsub) StderrLine: {'line': b'\x1b[01m\x1b[K/opt/ros/humble/include/rclcpp/rclcpp/node_impl.hpp:92:1:\x1b[m\x1b[K \x1b[01;36m\x1b[Knote: \x1b[m\x1b[Kcandidate: \xe2\x80\x98\x1b[01m\x1b[Ktemplate<class MessageT, class CallbackT, class AllocatorT, class SubscriptionT, class MessageMemoryStrategyT> std::shared_ptr<ROSMessageT> rclcpp::Node::create_subscription(const string&, const rclcpp::QoS&, CallbackT&&, const rclcpp::SubscriptionOptionsWithAllocator<AllocatorT>&, typename MessageMemoryStrategyT::SharedPtr)\x1b[m\x1b[K\xe2\x80\x99\n'}
[2.825768] (cpp_pubsub) StderrLine: {'line': b'   92 | \x1b[01;36m\x1b[KNode\x1b[m\x1b[K::create_subscription(\n'}
[2.825798] (cpp_pubsub) StderrLine: {'line': b'      | \x1b[01;36m\x1b[K^~~~\x1b[m\x1b[K\n'}
[2.825827] (cpp_pubsub) StderrLine: {'line': b'\x1b[01m\x1b[K/opt/ros/humble/include/rclcpp/rclcpp/node_impl.hpp:92:1:\x1b[m\x1b[K \x1b[01;36m\x1b[Knote: \x1b[m\x1b[K  template argument deduction/substitution failed:\n'}
[2.825859] (cpp_pubsub) StderrLine: {'line': b'\x1b[01m\x1b[K/home/arlen1/Documents/ROS2 Tests/Test1/src/cpp_pubsub/src/subscriber_member_function.cpp:61:67:\x1b[m\x1b[K \x1b[01;31m\x1b[Kerror: \x1b[m\x1b[Ktemplate argument 1 is invalid\n'}
[2.825889] (cpp_pubsub) StderrLine: {'line': b'   61 |     subscription_ = \x1b[01;31m\x1b[Kthis->create_subscription<sensors::msg::Image>(\x1b[m\x1b[K\n'}
[2.825918] (cpp_pubsub) StderrLine: {'line': b'      |                     \x1b[01;31m\x1b[K~~~~~~~~~~~~~~~~~~~~~~~~~~~~~~~~~~~~~~~~~~~~~~^\x1b[m\x1b[K\n'}
[2.825947] (cpp_pubsub) StderrLine: {'line': b'   62 | \x1b[01;31m\x1b[K      "imgtopic", 10, std::bind(&ImageSubscriber::topic_callback, this, _1))\x1b[m\x1b[K;\n'}
[2.825976] (cpp_pubsub) StderrLine: {'line': b'      |       \x1b[01;31m\x1b[K~~~~~~~~~~~~~~~~~~~~~~~~~~~~~~~~~~~~~~~~~~~~~~~~~~~~~~~~~~~~~~~~~~~~~~\x1b[m\x1b[K\n'}
[2.926364] (-) TimerEvent: {}
[3.027700] (-) TimerEvent: {}
[3.128994] (-) TimerEvent: {}
[3.230387] (-) TimerEvent: {}
[3.331689] (-) TimerEvent: {}
[3.433061] (-) TimerEvent: {}
[3.534356] (-) TimerEvent: {}
[3.635708] (-) TimerEvent: {}
[3.736995] (-) TimerEvent: {}
[3.838132] (-) TimerEvent: {}
[3.939417] (-) TimerEvent: {}
[4.040775] (-) TimerEvent: {}
[4.142094] (-) TimerEvent: {}
[4.243411] (-) TimerEvent: {}
[4.344757] (-) TimerEvent: {}
[4.446061] (-) TimerEvent: {}
[4.547712] (-) TimerEvent: {}
[4.648995] (-) TimerEvent: {}
[4.662137] (cpp_pubsub) StderrLine: {'line': b'gmake[2]: *** [CMakeFiles/listener.dir/build.make:76: CMakeFiles/listener.dir/src/subscriber_member_function.cpp.o] Error 1\n'}
[4.662271] (cpp_pubsub) StderrLine: {'line': b'gmake[1]: *** [CMakeFiles/Makefile2:165: CMakeFiles/listener.dir/all] Error 2\n'}
[4.662385] (cpp_pubsub) StderrLine: {'line': b'gmake: *** [Makefile:146: all] Error 2\n'}
[4.663640] (cpp_pubsub) CommandEnded: {'returncode': 2}
[4.691095] (cpp_pubsub) JobEnded: {'identifier': 'cpp_pubsub', 'rc': 2}
[4.702619] (-) EventReactorShutdown: {}
