[0.004s] Invoking command in '/home/arlen1/Documents/ROS2 Tests/Test1/build/cpp_pubsub': /usr/bin/cmake --build /home/arlen1/Documents/ROS2 Tests/Test1/build/cpp_pubsub -- -j2 -l2
[0.022s] -- Found ament_cmake: 1.3.10 (/opt/ros/humble/share/ament_cmake/cmake)
[0.091s] Traceback (most recent call last):
[0.091s]   File "/opt/ros/humble/share/ament_cmake_core/cmake/package_templates/templates_2_cmake.py", line 21, in <module>
[0.091s]     from ament_package.templates import get_environment_hook_template_path
[0.091s] ModuleNotFoundError: No module named 'ament_package'
[0.096s] [31mCMake Error at /opt/ros/humble/share/ament_cmake_core/cmake/ament_cmake_package_templates-extras.cmake:41 (message):
[0.097s]   execute_process(/usr/bin/python3
[0.097s]   /opt/ros/humble/share/ament_cmake_core/cmake/package_templates/templates_2_cmake.py
[0.097s]   /home/arlen1/Documents/ROS2
[0.097s]   Tests/Test1/build/cpp_pubsub/ament_cmake_package_templates/templates.cmake)
[0.097s]   returned error code 1
[0.097s] Call Stack (most recent call first):
[0.097s]   /opt/ros/humble/share/ament_cmake_core/cmake/ament_cmake_coreConfig.cmake:41 (include)
[0.097s]   /opt/ros/humble/share/ament_cmake/cmake/ament_cmake_export_dependencies-extras.cmake:15 (find_package)
[0.097s]   /opt/ros/humble/share/ament_cmake/cmake/ament_cmakeConfig.cmake:41 (include)
[0.097s]   CMakeLists.txt:9 (find_package)
[0.097s] 
[0.097s] [0m
[0.097s] -- Configuring incomplete, errors occurred!
[0.097s] See also "/home/arlen1/Documents/ROS2 Tests/Test1/build/cpp_pubsub/CMakeFiles/CMakeOutput.log".
[0.098s] gmake: *** [Makefile:308: cmake_check_build_system] Error 1
[0.099s] Invoked command in '/home/arlen1/Documents/ROS2 Tests/Test1/build/cpp_pubsub' returned '2': /usr/bin/cmake --build /home/arlen1/Documents/ROS2 Tests/Test1/build/cpp_pubsub -- -j2 -l2
