[0.005s] Invoking command in '/home/arlen1/Documents/ROS2 Tests/Test1/build/cpp_pubsub': CMAKE_PREFIX_PATH=${CMAKE_PREFIX_PATH}:/opt/ros/humble /usr/bin/cmake --build /home/arlen1/Documents/ROS2 Tests/Test1/build/cpp_pubsub -- -j2 -l2
[0.044s] [35m[1mConsolidate compiler generated dependencies of target listener[0m
[0.052s] [ 50%] Built target talker
[0.052s] [ 75%] [32mBuilding CXX object CMakeFiles/listener.dir/src/subscriber_member_function.cpp.o[0m
[1.434s] [01m[K/home/arlen1/Documents/ROS2 Tests/Test1/src/cpp_pubsub/src/subscriber_member_function.cpp:[m[K In function â€˜[01m[Kint main(int, char**)[m[Kâ€™:
[1.434s] [01m[K/home/arlen1/Documents/ROS2 Tests/Test1/src/cpp_pubsub/src/subscriber_member_function.cpp:72:49:[m[K [01;31m[Kerror: [m[Kno matching function for call to â€˜[01m[Kimage_transport::ImageTransport::subscribe(const char [11], int, void (&)(sensor_msgs::msg::Image_<std::allocator<void> >::SharedPtr))[m[Kâ€™
[1.434s]    72 |   image_transport::Subscriber sub = [01;31m[Kit.subscribe("imagetopic", 10, imageCallback)[m[K;
[1.435s]       |                                     [01;31m[K~~~~~~~~~~~~^~~~~~~~~~~~~~~~~~~~~~~~~~~~~~~~~[m[K
[1.435s] In file included from [01m[K/home/arlen1/Documents/ROS2 Tests/Test1/src/cpp_pubsub/src/subscriber_member_function.cpp:28[m[K:
[1.435s] [01m[K/opt/ros/humble/include/image_transport/image_transport/image_transport.hpp:188:14:[m[K [01;36m[Knote: [m[Kcandidate: â€˜[01m[Ktemplate<class T> image_transport::Subscriber image_transport::ImageTransport::subscribe(const string&, uint32_t, void (T::*)(const ImageConstPtr&), T*, const image_transport::TransportHints*)[m[Kâ€™
[1.435s]   188 |   Subscriber [01;36m[Ksubscribe[m[K(
[1.435s]       |              [01;36m[K^~~~~~~~~[m[K
[1.435s] [01m[K/opt/ros/humble/include/image_transport/image_transport/image_transport.hpp:188:14:[m[K [01;36m[Knote: [m[K  template argument deduction/substitution failed:
[1.435s] [01m[K/home/arlen1/Documents/ROS2 Tests/Test1/src/cpp_pubsub/src/subscriber_member_function.cpp:72:49:[m[K [01;36m[Knote: [m[K  mismatched types â€˜[01m[Kvoid (T::*)(const ImageConstPtr&)[m[Kâ€™ and â€˜[01m[Kvoid (*)(sensor_msgs::msg::Image_<std::allocator<void> >::SharedPtr)[m[Kâ€™ {aka â€˜[01m[Kvoid (*)(std::shared_ptr<sensor_msgs::msg::Image_<std::allocator<void> > >)[m[Kâ€™}
[1.435s]    72 |   image_transport::Subscriber sub = [01;36m[Kit.subscribe("imagetopic", 10, imageCallback)[m[K;
[1.435s]       |                                     [01;36m[K~~~~~~~~~~~~^~~~~~~~~~~~~~~~~~~~~~~~~~~~~~~~~[m[K
[1.435s] In file included from [01m[K/home/arlen1/Documents/ROS2 Tests/Test1/src/cpp_pubsub/src/subscriber_member_function.cpp:28[m[K:
[1.435s] [01m[K/opt/ros/humble/include/image_transport/image_transport/image_transport.hpp:202:14:[m[K [01;36m[Knote: [m[Kcandidate: â€˜[01m[Ktemplate<class T> image_transport::Subscriber image_transport::ImageTransport::subscribe(const string&, uint32_t, void (T::*)(const ImageConstPtr&), T*, const image_transport::TransportHints*, rclcpp::SubscriptionOptions)[m[Kâ€™
[1.435s]   202 |   Subscriber [01;36m[Ksubscribe[m[K(
[1.435s]       |              [01;36m[K^~~~~~~~~[m[K
[1.435s] [01m[K/opt/ros/humble/include/image_transport/image_transport/image_transport.hpp:202:14:[m[K [01;36m[Knote: [m[K  template argument deduction/substitution failed:
[1.435s] [01m[K/home/arlen1/Documents/ROS2 Tests/Test1/src/cpp_pubsub/src/subscriber_member_function.cpp:72:49:[m[K [01;36m[Knote: [m[K  mismatched types â€˜[01m[Kvoid (T::*)(const ImageConstPtr&)[m[Kâ€™ and â€˜[01m[Kvoid (*)(sensor_msgs::msg::Image_<std::allocator<void> >::SharedPtr)[m[Kâ€™ {aka â€˜[01m[Kvoid (*)(std::shared_ptr<sensor_msgs::msg::Image_<std::allocator<void> > >)[m[Kâ€™}
[1.435s]    72 |   image_transport::Subscriber sub = [01;36m[Kit.subscribe("imagetopic", 10, imageCallback)[m[K;
[1.435s]       |                                     [01;36m[K~~~~~~~~~~~~^~~~~~~~~~~~~~~~~~~~~~~~~~~~~~~~~[m[K
[1.435s] In file included from [01m[K/home/arlen1/Documents/ROS2 Tests/Test1/src/cpp_pubsub/src/subscriber_member_function.cpp:28[m[K:
[1.435s] [01m[K/opt/ros/humble/include/image_transport/image_transport/image_transport.hpp:217:14:[m[K [01;36m[Knote: [m[Kcandidate: â€˜[01m[Ktemplate<class T> image_transport::Subscriber image_transport::ImageTransport::subscribe(const string&, uint32_t, void (T::*)(const ImageConstPtr&), const std::shared_ptr<_Tp>&, const image_transport::TransportHints*)[m[Kâ€™
[1.435s]   217 |   Subscriber [01;36m[Ksubscribe[m[K(
[1.435s]       |              [01;36m[K^~~~~~~~~[m[K
[1.435s] [01m[K/opt/ros/humble/include/image_transport/image_transport/image_transport.hpp:217:14:[m[K [01;36m[Knote: [m[K  template argument deduction/substitution failed:
[1.435s] [01m[K/home/arlen1/Documents/ROS2 Tests/Test1/src/cpp_pubsub/src/subscriber_member_function.cpp:72:49:[m[K [01;36m[Knote: [m[K  mismatched types â€˜[01m[Kvoid (T::*)(const ImageConstPtr&)[m[Kâ€™ and â€˜[01m[Kvoid (*)(sensor_msgs::msg::Image_<std::allocator<void> >::SharedPtr)[m[Kâ€™ {aka â€˜[01m[Kvoid (*)(std::shared_ptr<sensor_msgs::msg::Image_<std::allocator<void> > >)[m[Kâ€™}
[1.435s]    72 |   image_transport::Subscriber sub = [01;36m[Kit.subscribe("imagetopic", 10, imageCallback)[m[K;
[1.435s]       |                                     [01;36m[K~~~~~~~~~~~~^~~~~~~~~~~~~~~~~~~~~~~~~~~~~~~~~[m[K
[1.435s] In file included from [01m[K/home/arlen1/Documents/ROS2 Tests/Test1/src/cpp_pubsub/src/subscriber_member_function.cpp:28[m[K:
[1.435s] [01m[K/opt/ros/humble/include/image_transport/image_transport/image_transport.hpp:232:14:[m[K [01;36m[Knote: [m[Kcandidate: â€˜[01m[Ktemplate<class T> image_transport::Subscriber image_transport::ImageTransport::subscribe(const string&, uint32_t, void (T::*)(const ImageConstPtr&), const std::shared_ptr<_Tp>&, const image_transport::TransportHints*, rclcpp::SubscriptionOptions)[m[Kâ€™
[1.435s]   232 |   Subscriber [01;36m[Ksubscribe[m[K(
[1.435s]       |              [01;36m[K^~~~~~~~~[m[K
[1.435s] [01m[K/opt/ros/humble/include/image_transport/image_transport/image_transport.hpp:232:14:[m[K [01;36m[Knote: [m[K  template argument deduction/substitution failed:
[1.435s] [01m[K/home/arlen1/Documents/ROS2 Tests/Test1/src/cpp_pubsub/src/subscriber_member_function.cpp:72:49:[m[K [01;36m[Knote: [m[K  mismatched types â€˜[01m[Kvoid (T::*)(const ImageConstPtr&)[m[Kâ€™ and â€˜[01m[Kvoid (*)(sensor_msgs::msg::Image_<std::allocator<void> >::SharedPtr)[m[Kâ€™ {aka â€˜[01m[Kvoid (*)(std::shared_ptr<sensor_msgs::msg::Image_<std::allocator<void> > >)[m[Kâ€™}
[1.435s]    72 |   image_transport::Subscriber sub = [01;36m[Kit.subscribe("imagetopic", 10, imageCallback)[m[K;
[1.435s]       |                                     [01;36m[K~~~~~~~~~~~~^~~~~~~~~~~~~~~~~~~~~~~~~~~~~~~~~[m[K
[1.435s] In file included from [01m[K/home/arlen1/Documents/ROS2 Tests/Test1/src/cpp_pubsub/src/subscriber_member_function.cpp:28[m[K:
[1.435s] [01m[K/opt/ros/humble/include/image_transport/image_transport/image_transport.hpp:136:14:[m[K [01;36m[Knote: [m[Kcandidate: â€˜[01m[Kimage_transport::Subscriber image_transport::ImageTransport::subscribe(const string&, uint32_t, const Callback&, const VoidPtr&, const image_transport::TransportHints*)[m[Kâ€™
[1.435s]   136 |   Subscriber [01;36m[Ksubscribe[m[K(
[1.435s]       |              [01;36m[K^~~~~~~~~[m[K
[1.436s] [01m[K/opt/ros/humble/include/image_transport/image_transport/image_transport.hpp:138:34:[m[K [01;36m[Knote: [m[K  no known conversion for argument 3 from â€˜[01m[Kvoid(sensor_msgs::msg::Image_<std::allocator<void> >::SharedPtr)[m[Kâ€™ {aka â€˜[01m[Kvoid(std::shared_ptr<sensor_msgs::msg::Image_<std::allocator<void> > >)[m[Kâ€™} to â€˜[01m[Kconst Callback&[m[Kâ€™ {aka â€˜[01m[Kconst std::function<void(const std::shared_ptr<const sensor_msgs::msg::Image_<std::allocator<void> > >&)>&[m[Kâ€™}
[1.436s]   138 |     [01;36m[Kconst Subscriber::Callback & callback[m[K,
[1.436s]       |     [01;36m[K~~~~~~~~~~~~~~~~~~~~~~~~~~~~~^~~~~~~~[m[K
[1.436s] [01m[K/opt/ros/humble/include/image_transport/image_transport/image_transport.hpp:146:14:[m[K [01;36m[Knote: [m[Kcandidate: â€˜[01m[Kimage_transport::Subscriber image_transport::ImageTransport::subscribe(const string&, uint32_t, const Callback&, const VoidPtr&, const image_transport::TransportHints*, rclcpp::SubscriptionOptions)[m[Kâ€™
[1.436s]   146 |   Subscriber [01;36m[Ksubscribe[m[K(
[1.436s]       |              [01;36m[K^~~~~~~~~[m[K
[1.436s] [01m[K/opt/ros/humble/include/image_transport/image_transport/image_transport.hpp:146:14:[m[K [01;36m[Knote: [m[K  candidate expects 6 arguments, 3 provided
[1.436s] [01m[K/opt/ros/humble/include/image_transport/image_transport/image_transport.hpp:157:14:[m[K [01;36m[Knote: [m[Kcandidate: â€˜[01m[Kimage_transport::Subscriber image_transport::ImageTransport::subscribe(const string&, uint32_t, void (*)(const ImageConstPtr&), const image_transport::TransportHints*)[m[Kâ€™ (near match)
[1.436s]   157 |   Subscriber [01;36m[Ksubscribe[m[K(
[1.436s]       |              [01;36m[K^~~~~~~~~[m[K
[1.436s] [01m[K/opt/ros/humble/include/image_transport/image_transport/image_transport.hpp:157:14:[m[K [01;36m[Knote: [m[K  conversion of argument 3 would be ill-formed:
[1.436s] [01m[K/home/arlen1/Documents/ROS2 Tests/Test1/src/cpp_pubsub/src/subscriber_member_function.cpp:72:68:[m[K [01;31m[Kerror: [m[Kinvalid conversion from â€˜[01m[Kvoid (*)(sensor_msgs::msg::Image_<std::allocator<void> >::SharedPtr)[m[Kâ€™ {aka â€˜[01m[Kvoid (*)(std::shared_ptr<sensor_msgs::msg::Image_<std::allocator<void> > >)[m[Kâ€™} to â€˜[01m[Kvoid (*)(const ImageConstPtr&)[m[Kâ€™ {aka â€˜[01m[Kvoid (*)(const std::shared_ptr<const sensor_msgs::msg::Image_<std::allocator<void> > >&)[m[Kâ€™} [[01;31m[K]8;;https://gcc.gnu.org/onlinedocs/gcc/Warning-Options.html#index-fpermissive-fpermissive]8;;[m[K]
[1.436s]    72 |   image_transport::Subscriber sub = it.subscribe("imagetopic", 10, [01;31m[KimageCallback[m[K);
[1.436s]       |                                                                    [01;31m[K^~~~~~~~~~~~~[m[K
[1.436s]       |                                                                    [01;31m[K|[m[K
[1.436s]       |                                                                    [01;31m[Kvoid (*)(sensor_msgs::msg::Image_<std::allocator<void> >::SharedPtr) {aka void (*)(std::shared_ptr<sensor_msgs::msg::Image_<std::allocator<void> > >)}[m[K
[1.436s] In file included from [01m[K/home/arlen1/Documents/ROS2 Tests/Test1/src/cpp_pubsub/src/subscriber_member_function.cpp:28[m[K:
[1.436s] [01m[K/opt/ros/humble/include/image_transport/image_transport/image_transport.hpp:172:14:[m[K [01;36m[Knote: [m[Kcandidate: â€˜[01m[Kimage_transport::Subscriber image_transport::ImageTransport::subscribe(const string&, uint32_t, void (*)(const ImageConstPtr&), const image_transport::TransportHints*, rclcpp::SubscriptionOptions)[m[Kâ€™
[1.436s]   172 |   Subscriber [01;36m[Ksubscribe[m[K(
[1.436s]       |              [01;36m[K^~~~~~~~~[m[K
[1.436s] [01m[K/opt/ros/humble/include/image_transport/image_transport/image_transport.hpp:172:14:[m[K [01;36m[Knote: [m[K  candidate expects 5 arguments, 3 provided
[2.634s] gmake[2]: *** [CMakeFiles/listener.dir/build.make:76: CMakeFiles/listener.dir/src/subscriber_member_function.cpp.o] Error 1
[2.634s] gmake[1]: *** [CMakeFiles/Makefile2:165: CMakeFiles/listener.dir/all] Error 2
[2.634s] gmake: *** [Makefile:146: all] Error 2
[2.637s] Invoked command in '/home/arlen1/Documents/ROS2 Tests/Test1/build/cpp_pubsub' returned '2': CMAKE_PREFIX_PATH=${CMAKE_PREFIX_PATH}:/opt/ros/humble /usr/bin/cmake --build /home/arlen1/Documents/ROS2 Tests/Test1/build/cpp_pubsub -- -j2 -l2
