[0.004s] Invoking command in '/home/arlen1/Documents/ROS2 Tests/Test1/build/cpp_pubsub': CMAKE_PREFIX_PATH=${CMAKE_PREFIX_PATH}:/opt/ros/humble /usr/bin/cmake --build /home/arlen1/Documents/ROS2 Tests/Test1/build/cpp_pubsub -- -j2 -l2
[0.040s] [35m[1mConsolidate compiler generated dependencies of target talker[0m
[0.052s] [ 25%] [32mBuilding CXX object CMakeFiles/talker.dir/src/publisher_member_function.cpp.o[0m
[0.053s] [ 75%] Built target listener
[1.416s] [01m[K/home/arlen1/Documents/ROS2 Tests/Test1/src/cpp_pubsub/src/publisher_member_function.cpp:[m[K In function â€˜[01m[Kint main(int, char**)[m[Kâ€™:
[1.416s] [01m[K/home/arlen1/Documents/ROS2 Tests/Test1/src/cpp_pubsub/src/publisher_member_function.cpp:87:10:[m[K [01;31m[Kerror: [m[Kâ€˜[01m[Knode[m[Kâ€™ is not a class, namespace, or enumeration
[1.416s]    87 |   while ([01;31m[Knode[m[K::ok()) {
[1.416s]       |          [01;31m[K^~~~[m[K
[1.419s] [01m[K/home/arlen1/Documents/ROS2 Tests/Test1/src/cpp_pubsub/src/publisher_member_function.cpp:89:13:[m[K [01;31m[Kerror: [m[Kâ€˜[01m[KspinOnce[m[Kâ€™ is not a member of â€˜[01m[Krclcpp[m[Kâ€™
[1.419s]    89 |     rclcpp::[01;31m[KspinOnce[m[K();
[1.419s]       |             [01;31m[K^~~~~~~~[m[K
[1.849s] gmake[2]: *** [CMakeFiles/talker.dir/build.make:76: CMakeFiles/talker.dir/src/publisher_member_function.cpp.o] Error 1
[1.849s] gmake[1]: *** [CMakeFiles/Makefile2:139: CMakeFiles/talker.dir/all] Error 2
[1.849s] gmake: *** [Makefile:146: all] Error 2
[1.849s] Invoked command in '/home/arlen1/Documents/ROS2 Tests/Test1/build/cpp_pubsub' returned '2': CMAKE_PREFIX_PATH=${CMAKE_PREFIX_PATH}:/opt/ros/humble /usr/bin/cmake --build /home/arlen1/Documents/ROS2 Tests/Test1/build/cpp_pubsub -- -j2 -l2
