[0.004s] Invoking command in '/home/arlen1/Documents/ROS2 Tests/Test1/build/cpp_pubsub': CMAKE_PREFIX_PATH=${CMAKE_PREFIX_PATH}:/opt/ros/humble /usr/bin/cmake --build /home/arlen1/Documents/ROS2 Tests/Test1/build/cpp_pubsub -- -j2 -l2
[0.036s] [35m[1mConsolidate compiler generated dependencies of target talker[0m
[0.049s] [ 25%] [32mBuilding CXX object CMakeFiles/talker.dir/src/publisher_member_function.cpp.o[0m
[0.052s] [ 75%] Built target listener
[0.202s] [01m[K/home/arlen1/Documents/ROS2 Tests/Test1/src/cpp_pubsub/src/publisher_member_function.cpp:31:10:[m[K [01;31m[Kfatal error: [m[Kcv_bridge/cv_bridge.hpp: No such file or directory
[0.202s]    31 | #include [01;31m[K"cv_bridge/cv_bridge.hpp"[m[K
[0.202s]       |          [01;31m[K^~~~~~~~~~~~~~~~~~~~~~~~~[m[K
[0.202s] compilation terminated.
[0.204s] gmake[2]: *** [CMakeFiles/talker.dir/build.make:76: CMakeFiles/talker.dir/src/publisher_member_function.cpp.o] Error 1
[0.204s] gmake[1]: *** [CMakeFiles/Makefile2:139: CMakeFiles/talker.dir/all] Error 2
[0.204s] gmake: *** [Makefile:146: all] Error 2
[0.205s] Invoked command in '/home/arlen1/Documents/ROS2 Tests/Test1/build/cpp_pubsub' returned '2': CMAKE_PREFIX_PATH=${CMAKE_PREFIX_PATH}:/opt/ros/humble /usr/bin/cmake --build /home/arlen1/Documents/ROS2 Tests/Test1/build/cpp_pubsub -- -j2 -l2
