[0.005s] Invoking command in '/home/arlen1/Documents/ROS2 Tests/Test1/build/cpp_pubsub': CMAKE_PREFIX_PATH=${CMAKE_PREFIX_PATH}:/opt/ros/humble /usr/bin/cmake --build /home/arlen1/Documents/ROS2 Tests/Test1/build/cpp_pubsub -- -j2 -l2
[0.045s] [35m[1mConsolidate compiler generated dependencies of target listener[0m
[0.049s] [ 50%] Built target talker
[0.054s] [ 75%] [32mBuilding CXX object CMakeFiles/listener.dir/src/subscriber_member_function.cpp.o[0m
[1.444s] In file included from [01m[K/opt/ros/humble/include/rclcpp/rclcpp/client.hpp:40[m[K,
[1.444s]                  from [01m[K/opt/ros/humble/include/rclcpp/rclcpp/callback_group.hpp:24[m[K,
[1.444s]                  from [01m[K/opt/ros/humble/include/rclcpp/rclcpp/any_executable.hpp:20[m[K,
[1.444s]                  from [01m[K/opt/ros/humble/include/rclcpp/rclcpp/memory_strategy.hpp:25[m[K,
[1.444s]                  from [01m[K/opt/ros/humble/include/rclcpp/rclcpp/memory_strategies.hpp:18[m[K,
[1.444s]                  from [01m[K/opt/ros/humble/include/rclcpp/rclcpp/executor_options.hpp:20[m[K,
[1.444s]                  from [01m[K/opt/ros/humble/include/rclcpp/rclcpp/executor.hpp:37[m[K,
[1.444s]                  from [01m[K/opt/ros/humble/include/rclcpp/rclcpp/executors/multi_threaded_executor.hpp:25[m[K,
[1.444s]                  from [01m[K/opt/ros/humble/include/rclcpp/rclcpp/executors.hpp:21[m[K,
[1.444s]                  from [01m[K/opt/ros/humble/include/rclcpp/rclcpp/rclcpp.hpp:155[m[K,
[1.444s]                  from [01m[K/home/arlen1/Documents/ROS2 Tests/Test1/src/cpp_pubsub/src/subscriber_member_function.cpp:26[m[K:
[1.444s] [01m[K/home/arlen1/Documents/ROS2 Tests/Test1/src/cpp_pubsub/src/subscriber_member_function.cpp:[m[K In function â€˜[01m[Kvoid imageCallback(const SharedPtr&)[m[Kâ€™:
[1.444s] [01m[K/home/arlen1/Documents/ROS2 Tests/Test1/src/cpp_pubsub/src/subscriber_member_function.cpp:60:17:[m[K [01;31m[Kerror: [m[Kinvalid use of â€˜[01m[Kthis[m[Kâ€™ in non-member function
[1.444s]    60 |     RCLCPP_INFO([01;31m[Kthis[m[K->get_logger(), "Could not convert from '%s' to 'bgr8'.", msg->encoding.c_str());
[1.444s]       |                 [01;31m[K^~~~[m[K
[1.444s] [01m[K/home/arlen1/Documents/ROS2 Tests/Test1/src/cpp_pubsub/src/subscriber_member_function.cpp:60:17:[m[K [01;31m[Kerror: [m[Kinvalid use of â€˜[01m[Kthis[m[Kâ€™ in non-member function
[1.444s] [01m[K/home/arlen1/Documents/ROS2 Tests/Test1/src/cpp_pubsub/src/subscriber_member_function.cpp:60:5:[m[K [01;31m[Kerror: [m[Ktemplate argument 1 is invalid
[1.444s]    60 |     [01;31m[KRCLCPP_INFO[m[K(this->get_logger(), "Could not convert from '%s' to 'bgr8'.", msg->encoding.c_str());
[1.444s]       |     [01;31m[K^~~~~~~~~~~[m[K
[1.444s] [01m[K/home/arlen1/Documents/ROS2 Tests/Test1/src/cpp_pubsub/src/subscriber_member_function.cpp:60:5:[m[K [01;31m[Kerror: [m[Ktemplate argument 1 is invalid
[1.444s]    60 |     [01;31m[KRCLCPP_INFO[m[K(this->get_logger(), "Could not convert from '%s' to 'bgr8'.", msg->encoding.c_str());
[1.444s]       |     [01;31m[K^~~~~~~~~~~[m[K
[1.444s] [01m[K/home/arlen1/Documents/ROS2 Tests/Test1/src/cpp_pubsub/src/subscriber_member_function.cpp:60:5:[m[K [01;31m[Kerror: [m[Ktemplate argument 1 is invalid
[1.445s]    60 |     [01;31m[KRCLCPP_INFO[m[K(this->get_logger(), "Could not convert from '%s' to 'bgr8'.", msg->encoding.c_str());
[1.445s]       |     [01;31m[K^~~~~~~~~~~[m[K
[1.445s] In file included from [01m[K/opt/ros/humble/include/rclcpp/rclcpp/logging.hpp:24[m[K,
[1.445s]                  from [01m[K/opt/ros/humble/include/rclcpp/rclcpp/client.hpp:40[m[K,
[1.445s]                  from [01m[K/opt/ros/humble/include/rclcpp/rclcpp/callback_group.hpp:24[m[K,
[1.445s]                  from [01m[K/opt/ros/humble/include/rclcpp/rclcpp/any_executable.hpp:20[m[K,
[1.445s]                  from [01m[K/opt/ros/humble/include/rclcpp/rclcpp/memory_strategy.hpp:25[m[K,
[1.445s]                  from [01m[K/opt/ros/humble/include/rclcpp/rclcpp/memory_strategies.hpp:18[m[K,
[1.445s]                  from [01m[K/opt/ros/humble/include/rclcpp/rclcpp/executor_options.hpp:20[m[K,
[1.445s]                  from [01m[K/opt/ros/humble/include/rclcpp/rclcpp/executor.hpp:37[m[K,
[1.445s]                  from [01m[K/opt/ros/humble/include/rclcpp/rclcpp/executors/multi_threaded_executor.hpp:25[m[K,
[1.445s]                  from [01m[K/opt/ros/humble/include/rclcpp/rclcpp/executors.hpp:21[m[K,
[1.445s]                  from [01m[K/opt/ros/humble/include/rclcpp/rclcpp/rclcpp.hpp:155[m[K,
[1.445s]                  from [01m[K/home/arlen1/Documents/ROS2 Tests/Test1/src/cpp_pubsub/src/subscriber_member_function.cpp:26[m[K:
[1.445s] [01m[K/home/arlen1/Documents/ROS2 Tests/Test1/src/cpp_pubsub/src/subscriber_member_function.cpp:60:17:[m[K [01;31m[Kerror: [m[Kinvalid use of â€˜[01m[Kthis[m[Kâ€™ in non-member function
[1.445s]    60 |     RCLCPP_INFO([01;31m[Kthis[m[K->get_logger(), "Could not convert from '%s' to 'bgr8'.", msg->encoding.c_str());
[1.445s]       |                 [01;31m[K^~~~[m[K
[1.445s] [01m[K/home/arlen1/Documents/ROS2 Tests/Test1/src/cpp_pubsub/src/subscriber_member_function.cpp:60:17:[m[K [01;31m[Kerror: [m[Kinvalid use of â€˜[01m[Kthis[m[Kâ€™ in non-member function
[1.445s]    60 |     RCLCPP_INFO([01;31m[Kthis[m[K->get_logger(), "Could not convert from '%s' to 'bgr8'.", msg->encoding.c_str());
[1.445s]       |                 [01;31m[K^~~~[m[K
[1.445s] [01m[K/home/arlen1/Documents/ROS2 Tests/Test1/src/cpp_pubsub/src/subscriber_member_function.cpp:[m[K In function â€˜[01m[Kint main(int, char**)[m[Kâ€™:
[1.445s] [01m[K/home/arlen1/Documents/ROS2 Tests/Test1/src/cpp_pubsub/src/subscriber_member_function.cpp:72:49:[m[K [01;31m[Kerror: [m[Kno matching function for call to â€˜[01m[Kimage_transport::ImageTransport::subscribe(const char [11], int, void (&)(const SharedPtr&))[m[Kâ€™
[1.445s]    72 |   image_transport::Subscriber sub = [01;31m[Kit.subscribe("imagetopic", 10, imageCallback)[m[K;
[1.445s]       |                                     [01;31m[K~~~~~~~~~~~~^~~~~~~~~~~~~~~~~~~~~~~~~~~~~~~~~[m[K
[1.445s] In file included from [01m[K/home/arlen1/Documents/ROS2 Tests/Test1/src/cpp_pubsub/src/subscriber_member_function.cpp:28[m[K:
[1.445s] [01m[K/opt/ros/humble/include/image_transport/image_transport/image_transport.hpp:188:14:[m[K [01;36m[Knote: [m[Kcandidate: â€˜[01m[Ktemplate<class T> image_transport::Subscriber image_transport::ImageTransport::subscribe(const string&, uint32_t, void (T::*)(const ImageConstPtr&), T*, const image_transport::TransportHints*)[m[Kâ€™
[1.445s]   188 |   Subscriber [01;36m[Ksubscribe[m[K(
[1.445s]       |              [01;36m[K^~~~~~~~~[m[K
[1.445s] [01m[K/opt/ros/humble/include/image_transport/image_transport/image_transport.hpp:188:14:[m[K [01;36m[Knote: [m[K  template argument deduction/substitution failed:
[1.445s] [01m[K/home/arlen1/Documents/ROS2 Tests/Test1/src/cpp_pubsub/src/subscriber_member_function.cpp:72:49:[m[K [01;36m[Knote: [m[K  mismatched types â€˜[01m[Kvoid (T::*)(const ImageConstPtr&)[m[Kâ€™ and â€˜[01m[Kvoid (*)(const SharedPtr&)[m[Kâ€™ {aka â€˜[01m[Kvoid (*)(const std::shared_ptr<sensor_msgs::msg::Image_<std::allocator<void> > >&)[m[Kâ€™}
[1.445s]    72 |   image_transport::Subscriber sub = [01;36m[Kit.subscribe("imagetopic", 10, imageCallback)[m[K;
[1.445s]       |                                     [01;36m[K~~~~~~~~~~~~^~~~~~~~~~~~~~~~~~~~~~~~~~~~~~~~~[m[K
[1.445s] In file included from [01m[K/home/arlen1/Documents/ROS2 Tests/Test1/src/cpp_pubsub/src/subscriber_member_function.cpp:28[m[K:
[1.445s] [01m[K/opt/ros/humble/include/image_transport/image_transport/image_transport.hpp:202:14:[m[K [01;36m[Knote: [m[Kcandidate: â€˜[01m[Ktemplate<class T> image_transport::Subscriber image_transport::ImageTransport::subscribe(const string&, uint32_t, void (T::*)(const ImageConstPtr&), T*, const image_transport::TransportHints*, rclcpp::SubscriptionOptions)[m[Kâ€™
[1.445s]   202 |   Subscriber [01;36m[Ksubscribe[m[K(
[1.445s]       |              [01;36m[K^~~~~~~~~[m[K
[1.445s] [01m[K/opt/ros/humble/include/image_transport/image_transport/image_transport.hpp:202:14:[m[K [01;36m[Knote: [m[K  template argument deduction/substitution failed:
[1.445s] [01m[K/home/arlen1/Documents/ROS2 Tests/Test1/src/cpp_pubsub/src/subscriber_member_function.cpp:72:49:[m[K [01;36m[Knote: [m[K  mismatched types â€˜[01m[Kvoid (T::*)(const ImageConstPtr&)[m[Kâ€™ and â€˜[01m[Kvoid (*)(const SharedPtr&)[m[Kâ€™ {aka â€˜[01m[Kvoid (*)(const std::shared_ptr<sensor_msgs::msg::Image_<std::allocator<void> > >&)[m[Kâ€™}
[1.445s]    72 |   image_transport::Subscriber sub = [01;36m[Kit.subscribe("imagetopic", 10, imageCallback)[m[K;
[1.445s]       |                                     [01;36m[K~~~~~~~~~~~~^~~~~~~~~~~~~~~~~~~~~~~~~~~~~~~~~[m[K
[1.445s] In file included from [01m[K/home/arlen1/Documents/ROS2 Tests/Test1/src/cpp_pubsub/src/subscriber_member_function.cpp:28[m[K:
[1.445s] [01m[K/opt/ros/humble/include/image_transport/image_transport/image_transport.hpp:217:14:[m[K [01;36m[Knote: [m[Kcandidate: â€˜[01m[Ktemplate<class T> image_transport::Subscriber image_transport::ImageTransport::subscribe(const string&, uint32_t, void (T::*)(const ImageConstPtr&), const std::shared_ptr<_Tp>&, const image_transport::TransportHints*)[m[Kâ€™
[1.445s]   217 |   Subscriber [01;36m[Ksubscribe[m[K(
[1.446s]       |              [01;36m[K^~~~~~~~~[m[K
[1.446s] [01m[K/opt/ros/humble/include/image_transport/image_transport/image_transport.hpp:217:14:[m[K [01;36m[Knote: [m[K  template argument deduction/substitution failed:
[1.446s] [01m[K/home/arlen1/Documents/ROS2 Tests/Test1/src/cpp_pubsub/src/subscriber_member_function.cpp:72:49:[m[K [01;36m[Knote: [m[K  mismatched types â€˜[01m[Kvoid (T::*)(const ImageConstPtr&)[m[Kâ€™ and â€˜[01m[Kvoid (*)(const SharedPtr&)[m[Kâ€™ {aka â€˜[01m[Kvoid (*)(const std::shared_ptr<sensor_msgs::msg::Image_<std::allocator<void> > >&)[m[Kâ€™}
[1.446s]    72 |   image_transport::Subscriber sub = [01;36m[Kit.subscribe("imagetopic", 10, imageCallback)[m[K;
[1.446s]       |                                     [01;36m[K~~~~~~~~~~~~^~~~~~~~~~~~~~~~~~~~~~~~~~~~~~~~~[m[K
[1.446s] In file included from [01m[K/home/arlen1/Documents/ROS2 Tests/Test1/src/cpp_pubsub/src/subscriber_member_function.cpp:28[m[K:
[1.446s] [01m[K/opt/ros/humble/include/image_transport/image_transport/image_transport.hpp:232:14:[m[K [01;36m[Knote: [m[Kcandidate: â€˜[01m[Ktemplate<class T> image_transport::Subscriber image_transport::ImageTransport::subscribe(const string&, uint32_t, void (T::*)(const ImageConstPtr&), const std::shared_ptr<_Tp>&, const image_transport::TransportHints*, rclcpp::SubscriptionOptions)[m[Kâ€™
[1.449s]   232 |   Subscriber [01;36m[Ksubscribe[m[K(
[1.449s]       |              [01;36m[K^~~~~~~~~[m[K
[1.449s] [01m[K/opt/ros/humble/include/image_transport/image_transport/image_transport.hpp:232:14:[m[K [01;36m[Knote: [m[K  template argument deduction/substitution failed:
[1.449s] [01m[K/home/arlen1/Documents/ROS2 Tests/Test1/src/cpp_pubsub/src/subscriber_member_function.cpp:72:49:[m[K [01;36m[Knote: [m[K  mismatched types â€˜[01m[Kvoid (T::*)(const ImageConstPtr&)[m[Kâ€™ and â€˜[01m[Kvoid (*)(const SharedPtr&)[m[Kâ€™ {aka â€˜[01m[Kvoid (*)(const std::shared_ptr<sensor_msgs::msg::Image_<std::allocator<void> > >&)[m[Kâ€™}
[1.449s]    72 |   image_transport::Subscriber sub = [01;36m[Kit.subscribe("imagetopic", 10, imageCallback)[m[K;
[1.449s]       |                                     [01;36m[K~~~~~~~~~~~~^~~~~~~~~~~~~~~~~~~~~~~~~~~~~~~~~[m[K
[1.449s] In file included from [01m[K/home/arlen1/Documents/ROS2 Tests/Test1/src/cpp_pubsub/src/subscriber_member_function.cpp:28[m[K:
[1.449s] [01m[K/opt/ros/humble/include/image_transport/image_transport/image_transport.hpp:136:14:[m[K [01;36m[Knote: [m[Kcandidate: â€˜[01m[Kimage_transport::Subscriber image_transport::ImageTransport::subscribe(const string&, uint32_t, const Callback&, const VoidPtr&, const image_transport::TransportHints*)[m[Kâ€™
[1.449s]   136 |   Subscriber [01;36m[Ksubscribe[m[K(
[1.449s]       |              [01;36m[K^~~~~~~~~[m[K
[1.449s] [01m[K/opt/ros/humble/include/image_transport/image_transport/image_transport.hpp:138:34:[m[K [01;36m[Knote: [m[K  no known conversion for argument 3 from â€˜[01m[Kvoid(const SharedPtr&)[m[Kâ€™ {aka â€˜[01m[Kvoid(const std::shared_ptr<sensor_msgs::msg::Image_<std::allocator<void> > >&)[m[Kâ€™} to â€˜[01m[Kconst Callback&[m[Kâ€™ {aka â€˜[01m[Kconst std::function<void(const std::shared_ptr<const sensor_msgs::msg::Image_<std::allocator<void> > >&)>&[m[Kâ€™}
[1.449s]   138 |     [01;36m[Kconst Subscriber::Callback & callback[m[K,
[1.449s]       |     [01;36m[K~~~~~~~~~~~~~~~~~~~~~~~~~~~~~^~~~~~~~[m[K
[1.449s] [01m[K/opt/ros/humble/include/image_transport/image_transport/image_transport.hpp:146:14:[m[K [01;36m[Knote: [m[Kcandidate: â€˜[01m[Kimage_transport::Subscriber image_transport::ImageTransport::subscribe(const string&, uint32_t, const Callback&, const VoidPtr&, const image_transport::TransportHints*, rclcpp::SubscriptionOptions)[m[Kâ€™
[1.449s]   146 |   Subscriber [01;36m[Ksubscribe[m[K(
[1.449s]       |              [01;36m[K^~~~~~~~~[m[K
[1.449s] [01m[K/opt/ros/humble/include/image_transport/image_transport/image_transport.hpp:146:14:[m[K [01;36m[Knote: [m[K  candidate expects 6 arguments, 3 provided
[1.449s] [01m[K/opt/ros/humble/include/image_transport/image_transport/image_transport.hpp:157:14:[m[K [01;36m[Knote: [m[Kcandidate: â€˜[01m[Kimage_transport::Subscriber image_transport::ImageTransport::subscribe(const string&, uint32_t, void (*)(const ImageConstPtr&), const image_transport::TransportHints*)[m[Kâ€™ (near match)
[1.449s]   157 |   Subscriber [01;36m[Ksubscribe[m[K(
[1.449s]       |              [01;36m[K^~~~~~~~~[m[K
[1.449s] [01m[K/opt/ros/humble/include/image_transport/image_transport/image_transport.hpp:157:14:[m[K [01;36m[Knote: [m[K  conversion of argument 3 would be ill-formed:
[1.449s] [01m[K/home/arlen1/Documents/ROS2 Tests/Test1/src/cpp_pubsub/src/subscriber_member_function.cpp:72:68:[m[K [01;31m[Kerror: [m[Kinvalid conversion from â€˜[01m[Kvoid (*)(const SharedPtr&)[m[Kâ€™ {aka â€˜[01m[Kvoid (*)(const std::shared_ptr<sensor_msgs::msg::Image_<std::allocator<void> > >&)[m[Kâ€™} to â€˜[01m[Kvoid (*)(const ImageConstPtr&)[m[Kâ€™ {aka â€˜[01m[Kvoid (*)(const std::shared_ptr<const sensor_msgs::msg::Image_<std::allocator<void> > >&)[m[Kâ€™} [[01;31m[K]8;;https://gcc.gnu.org/onlinedocs/gcc/Warning-Options.html#index-fpermissive-fpermissive]8;;[m[K]
[1.449s]    72 |   image_transport::Subscriber sub = it.subscribe("imagetopic", 10, [01;31m[KimageCallback[m[K);
[1.449s]       |                                                                    [01;31m[K^~~~~~~~~~~~~[m[K
[1.449s]       |                                                                    [01;31m[K|[m[K
[1.449s]       |                                                                    [01;31m[Kvoid (*)(const SharedPtr&) {aka void (*)(const std::shared_ptr<sensor_msgs::msg::Image_<std::allocator<void> > >&)}[m[K
[1.449s] In file included from [01m[K/home/arlen1/Documents/ROS2 Tests/Test1/src/cpp_pubsub/src/subscriber_member_function.cpp:28[m[K:
[1.449s] [01m[K/opt/ros/humble/include/image_transport/image_transport/image_transport.hpp:172:14:[m[K [01;36m[Knote: [m[Kcandidate: â€˜[01m[Kimage_transport::Subscriber image_transport::ImageTransport::subscribe(const string&, uint32_t, void (*)(const ImageConstPtr&), const image_transport::TransportHints*, rclcpp::SubscriptionOptions)[m[Kâ€™
[1.449s]   172 |   Subscriber [01;36m[Ksubscribe[m[K(
[1.449s]       |              [01;36m[K^~~~~~~~~[m[K
[1.449s] [01m[K/opt/ros/humble/include/image_transport/image_transport/image_transport.hpp:172:14:[m[K [01;36m[Knote: [m[K  candidate expects 5 arguments, 3 provided
[2.654s] gmake[2]: *** [CMakeFiles/listener.dir/build.make:76: CMakeFiles/listener.dir/src/subscriber_member_function.cpp.o] Error 1
[2.655s] gmake[1]: *** [CMakeFiles/Makefile2:165: CMakeFiles/listener.dir/all] Error 2
[2.655s] gmake: *** [Makefile:146: all] Error 2
[2.657s] Invoked command in '/home/arlen1/Documents/ROS2 Tests/Test1/build/cpp_pubsub' returned '2': CMAKE_PREFIX_PATH=${CMAKE_PREFIX_PATH}:/opt/ros/humble /usr/bin/cmake --build /home/arlen1/Documents/ROS2 Tests/Test1/build/cpp_pubsub -- -j2 -l2
